-- Found ament_cmake: 1.3.11 (/opt/ros/humble/share/ament_cmake/cmake)
-- Found rclcpp: 16.0.11 (/opt/ros/humble/share/rclcpp/cmake)
-- Found rosidl_generator_c: 3.1.6 (/opt/ros/humble/share/rosidl_generator_c/cmake)
-- Found rosidl_adapter: 3.1.6 (/opt/ros/humble/share/rosidl_adapter/cmake)
-- Found rosidl_generator_cpp: 3.1.6 (/opt/ros/humble/share/rosidl_generator_cpp/cmake)
-- Using all available rosidl_typesupport_c: rosidl_typesupport_fastrtps_c;rosidl_typesupport_introspection_c
-- Using all available rosidl_typesupport_cpp: rosidl_typesupport_fastrtps_cpp;rosidl_typesupport_introspection_cpp
-- Found rmw_implementation_cmake: 6.1.2 (/opt/ros/humble/share/rmw_implementation_cmake/cmake)
-- Found rmw_fastrtps_cpp: 6.2.7 (/opt/ros/humble/share/rmw_fastrtps_cpp/cmake)
-- Using RMW implementation 'rmw_fastrtps_cpp' as default
-- Found dynamixel_sdk: 3.8.1 (/root/working/test_ws/yano_ws/install/dynamixel_sdk/share/dynamixel_sdk/cmake)
-- Found ament_lint_auto: 0.12.11 (/opt/ros/humble/share/ament_lint_auto/cmake)
-- Added test 'cppcheck' to perform static code analysis on C / C++ code
-- Configured cppcheck include dirs: 
-- Configured cppcheck exclude dirs and/or files: 
-- Added test 'lint_cmake' to check CMake code style
-- Added test 'uncrustify' to check C / C++ code style
-- Configured uncrustify additional arguments: 
-- Added test 'xmllint' to check XML markup files
-- Configuring done
-- Generating done
-- Build files have been written to: /root/working/test_ws/yano_ws/build/flipper
[ 50%] [32mBuilding CXX object CMakeFiles/flipper.dir/src/flipper.cpp.o[0m
[01m[K/root/working/test_ws/yano_ws/src/flipper/src/flipper.cpp:[m[K In function â€˜[01m[Kint main(int, char**)[m[Kâ€™:
[01m[K/root/working/test_ws/yano_ws/src/flipper/src/flipper.cpp:64:5:[m[K [01;31m[Kerror: [m[Kâ€˜[01m[Krclcpp[m[Kâ€™ has not been declared
   64 |     [01;31m[Krclcpp[m[K::init(argc, argv);
      |     [01;31m[K^~~~~~[m[K
[01m[K/root/working/test_ws/yano_ws/src/flipper/src/flipper.cpp:72:5:[m[K [01;31m[Kerror: [m[Kâ€˜[01m[Krclcpp[m[Kâ€™ has not been declared
   72 |     [01;31m[Krclcpp[m[K::shutdown();
      |     [01;31m[K^~~~~~[m[K
gmake[2]: *** [CMakeFiles/flipper.dir/build.make:76: CMakeFiles/flipper.dir/src/flipper.cpp.o] Error 1
gmake[1]: *** [CMakeFiles/Makefile2:137: CMakeFiles/flipper.dir/all] Error 2
gmake: *** [Makefile:146: all] Error 2
