[0.108s] Invoking command in '/root/working/test_ws/yano_ws/build/flipper': CMAKE_PREFIX_PATH=/root/working/test_ws/yano_ws/install/dynamixel_sdk:/root/working/test_ws/yano_ws/install/usb_camera:/root/working/test_ws/yano_ws/install/operator:/root/working/test_ws/yano_ws/install/dynamixel_workbench:/root/working/test_ws/yano_ws/install/dynamixel_workbench_toolbox:/root/working/test_ws/yano_ws/install/dynamixel_workbench_msgs:/root/working/test_ws/yano_ws/install/dynamixel_sdk_examples:/root/working/test_ws/yano_ws/install/dynamixel_sdk_custom_interfaces:/root/working/test_ws/yano_ws/install/driver:/root/working/test_ws/yano_ws/install/custom_interfaces:/root/working/test_ws/yano_ws/install:/opt/ros/humble LD_LIBRARY_PATH=/root/working/test_ws/yano_ws/install/dynamixel_sdk/lib:/root/working/test_ws/yano_ws/install/dynamixel_workbench_toolbox/lib:/root/working/test_ws/yano_ws/install/dynamixel_workbench_msgs/lib:/root/working/test_ws/yano_ws/install/dynamixel_sdk_custom_interfaces/lib:/root/working/test_ws/yano_ws/install/custom_interfaces/lib:/opt/ros/humble/opt/rviz_ogre_vendor/lib:/opt/ros/humble/lib/x86_64-linux-gnu:/opt/ros/humble/lib /usr/bin/cmake /root/working/test_ws/yano_ws/src/flipper -DCMAKE_INSTALL_PREFIX=/root/working/test_ws/yano_ws/install/flipper
[0.143s] -- Found ament_cmake: 1.3.11 (/opt/ros/humble/share/ament_cmake/cmake)
[0.529s] -- Found rclcpp: 16.0.11 (/opt/ros/humble/share/rclcpp/cmake)
[0.586s] -- Found rosidl_generator_c: 3.1.6 (/opt/ros/humble/share/rosidl_generator_c/cmake)
[0.591s] -- Found rosidl_adapter: 3.1.6 (/opt/ros/humble/share/rosidl_adapter/cmake)
[0.605s] -- Found rosidl_generator_cpp: 3.1.6 (/opt/ros/humble/share/rosidl_generator_cpp/cmake)
[0.628s] -- Using all available rosidl_typesupport_c: rosidl_typesupport_fastrtps_c;rosidl_typesupport_introspection_c
[0.655s] -- Using all available rosidl_typesupport_cpp: rosidl_typesupport_fastrtps_cpp;rosidl_typesupport_introspection_cpp
[0.738s] -- Found rmw_implementation_cmake: 6.1.2 (/opt/ros/humble/share/rmw_implementation_cmake/cmake)
[0.741s] -- Found rmw_fastrtps_cpp: 6.2.7 (/opt/ros/humble/share/rmw_fastrtps_cpp/cmake)
[0.981s] -- Using RMW implementation 'rmw_fastrtps_cpp' as default
[1.063s] -- Found dynamixel_sdk: 3.8.1 (/root/working/test_ws/yano_ws/install/dynamixel_sdk/share/dynamixel_sdk/cmake)
[1.074s] -- Found ament_lint_auto: 0.12.11 (/opt/ros/humble/share/ament_lint_auto/cmake)
[1.272s] -- Added test 'cppcheck' to perform static code analysis on C / C++ code
[1.272s] -- Configured cppcheck include dirs: 
[1.273s] -- Configured cppcheck exclude dirs and/or files: 
[1.275s] -- Added test 'lint_cmake' to check CMake code style
[1.278s] -- Added test 'uncrustify' to check C / C++ code style
[1.278s] -- Configured uncrustify additional arguments: 
[1.279s] -- Added test 'xmllint' to check XML markup files
[1.283s] -- Configuring done
[1.304s] -- Generating done
[1.311s] -- Build files have been written to: /root/working/test_ws/yano_ws/build/flipper
[1.322s] Invoked command in '/root/working/test_ws/yano_ws/build/flipper' returned '0': CMAKE_PREFIX_PATH=/root/working/test_ws/yano_ws/install/dynamixel_sdk:/root/working/test_ws/yano_ws/install/usb_camera:/root/working/test_ws/yano_ws/install/operator:/root/working/test_ws/yano_ws/install/dynamixel_workbench:/root/working/test_ws/yano_ws/install/dynamixel_workbench_toolbox:/root/working/test_ws/yano_ws/install/dynamixel_workbench_msgs:/root/working/test_ws/yano_ws/install/dynamixel_sdk_examples:/root/working/test_ws/yano_ws/install/dynamixel_sdk_custom_interfaces:/root/working/test_ws/yano_ws/install/driver:/root/working/test_ws/yano_ws/install/custom_interfaces:/root/working/test_ws/yano_ws/install:/opt/ros/humble LD_LIBRARY_PATH=/root/working/test_ws/yano_ws/install/dynamixel_sdk/lib:/root/working/test_ws/yano_ws/install/dynamixel_workbench_toolbox/lib:/root/working/test_ws/yano_ws/install/dynamixel_workbench_msgs/lib:/root/working/test_ws/yano_ws/install/dynamixel_sdk_custom_interfaces/lib:/root/working/test_ws/yano_ws/install/custom_interfaces/lib:/opt/ros/humble/opt/rviz_ogre_vendor/lib:/opt/ros/humble/lib/x86_64-linux-gnu:/opt/ros/humble/lib /usr/bin/cmake /root/working/test_ws/yano_ws/src/flipper -DCMAKE_INSTALL_PREFIX=/root/working/test_ws/yano_ws/install/flipper
[1.324s] Invoking command in '/root/working/test_ws/yano_ws/build/flipper': CMAKE_PREFIX_PATH=/root/working/test_ws/yano_ws/install/dynamixel_sdk:/root/working/test_ws/yano_ws/install/usb_camera:/root/working/test_ws/yano_ws/install/operator:/root/working/test_ws/yano_ws/install/dynamixel_workbench:/root/working/test_ws/yano_ws/install/dynamixel_workbench_toolbox:/root/working/test_ws/yano_ws/install/dynamixel_workbench_msgs:/root/working/test_ws/yano_ws/install/dynamixel_sdk_examples:/root/working/test_ws/yano_ws/install/dynamixel_sdk_custom_interfaces:/root/working/test_ws/yano_ws/install/driver:/root/working/test_ws/yano_ws/install/custom_interfaces:/root/working/test_ws/yano_ws/install:/opt/ros/humble LD_LIBRARY_PATH=/root/working/test_ws/yano_ws/install/dynamixel_sdk/lib:/root/working/test_ws/yano_ws/install/dynamixel_workbench_toolbox/lib:/root/working/test_ws/yano_ws/install/dynamixel_workbench_msgs/lib:/root/working/test_ws/yano_ws/install/dynamixel_sdk_custom_interfaces/lib:/root/working/test_ws/yano_ws/install/custom_interfaces/lib:/opt/ros/humble/opt/rviz_ogre_vendor/lib:/opt/ros/humble/lib/x86_64-linux-gnu:/opt/ros/humble/lib /usr/bin/cmake --build /root/working/test_ws/yano_ws/build/flipper -- -j4 -l4
[1.416s] [ 50%] [32mBuilding CXX object CMakeFiles/flipper.dir/src/flipper.cpp.o[0m
[1.962s] [01m[K/root/working/test_ws/yano_ws/src/flipper/src/flipper.cpp:[m[K In function â€˜[01m[Kint main(int, char**)[m[Kâ€™:
[1.962s] [01m[K/root/working/test_ws/yano_ws/src/flipper/src/flipper.cpp:64:5:[m[K [01;31m[Kerror: [m[Kâ€˜[01m[Krclcpp[m[Kâ€™ has not been declared
[1.962s]    64 |     [01;31m[Krclcpp[m[K::init(argc, argv);
[1.963s]       |     [01;31m[K^~~~~~[m[K
[1.963s] [01m[K/root/working/test_ws/yano_ws/src/flipper/src/flipper.cpp:72:5:[m[K [01;31m[Kerror: [m[Kâ€˜[01m[Krclcpp[m[Kâ€™ has not been declared
[1.963s]    72 |     [01;31m[Krclcpp[m[K::shutdown();
[1.963s]       |     [01;31m[K^~~~~~[m[K
[2.026s] gmake[2]: *** [CMakeFiles/flipper.dir/build.make:76: CMakeFiles/flipper.dir/src/flipper.cpp.o] Error 1
[2.026s] gmake[1]: *** [CMakeFiles/Makefile2:137: CMakeFiles/flipper.dir/all] Error 2
[2.026s] gmake: *** [Makefile:146: all] Error 2
[2.029s] Invoked command in '/root/working/test_ws/yano_ws/build/flipper' returned '2': CMAKE_PREFIX_PATH=/root/working/test_ws/yano_ws/install/dynamixel_sdk:/root/working/test_ws/yano_ws/install/usb_camera:/root/working/test_ws/yano_ws/install/operator:/root/working/test_ws/yano_ws/install/dynamixel_workbench:/root/working/test_ws/yano_ws/install/dynamixel_workbench_toolbox:/root/working/test_ws/yano_ws/install/dynamixel_workbench_msgs:/root/working/test_ws/yano_ws/install/dynamixel_sdk_examples:/root/working/test_ws/yano_ws/install/dynamixel_sdk_custom_interfaces:/root/working/test_ws/yano_ws/install/driver:/root/working/test_ws/yano_ws/install/custom_interfaces:/root/working/test_ws/yano_ws/install:/opt/ros/humble LD_LIBRARY_PATH=/root/working/test_ws/yano_ws/install/dynamixel_sdk/lib:/root/working/test_ws/yano_ws/install/dynamixel_workbench_toolbox/lib:/root/working/test_ws/yano_ws/install/dynamixel_workbench_msgs/lib:/root/working/test_ws/yano_ws/install/dynamixel_sdk_custom_interfaces/lib:/root/working/test_ws/yano_ws/install/custom_interfaces/lib:/opt/ros/humble/opt/rviz_ogre_vendor/lib:/opt/ros/humble/lib/x86_64-linux-gnu:/opt/ros/humble/lib /usr/bin/cmake --build /root/working/test_ws/yano_ws/build/flipper -- -j4 -l4
