<?xml version="1.0" encoding="UTF-8"?>
<Site BuildName="(empty)"
	BuildStamp="20250307-1049-Experimental"
	Name="cf33789d9224"
	Generator="ctest-3.22.1"
	CompilerName="/usr/bin/c++"
	CompilerVersion="11.4.0"
	OSName="Linux"
	Hostname="cf33789d9224"
	OSRelease="6.12.12-2-MANJARO"
	OSVersion="#1 SMP PREEMPT_DYNAMIC Mon, 03 Feb 2025 16:27:19 +0000"
	OSPlatform="x86_64"
	Is64Bits="1"
	VendorString="GenuineIntel"
	VendorID="Intel Corporation"
	FamilyID="6"
	ModelID="78"
	ProcessorCacheSize="4096"
	NumberOfLogicalCPU="4"
	NumberOfPhysicalCPU="2"
	TotalVirtualMemory="10239"
	TotalPhysicalMemory="15864"
	LogicalProcessorsPerPhysical="2"
	ProcessorClockFrequency="3092.75"
	>
	<Testing>
		<StartDateTime>Mar 07 10:49 UTC</StartDateTime>
		<StartTestTime>1741344588</StartTestTime>
		<TestList>
			<Test>./cppcheck</Test>
			<Test>./flake8</Test>
			<Test>./lint_cmake</Test>
			<Test>./pep257</Test>
			<Test>./uncrustify</Test>
			<Test>./xmllint</Test>
		</TestList>
		<Test Status="passed">
			<Name>cppcheck</Name>
			<Path>.</Path>
			<FullName>./cppcheck</FullName>
			<FullCommandLine>/usr/bin/python3 "-u" "/opt/ros/humble/share/ament_cmake_test/cmake/run_test.py" "/root/working/rodep_ros2/yano_ws/build/operator/test_results/operator/cppcheck.xunit.xml" "--package-name" "operator" "--output-file" "/root/working/rodep_ros2/yano_ws/build/operator/ament_cppcheck/cppcheck.txt" "--command" "/opt/ros/humble/bin/ament_cppcheck" "--xunit-file" "/root/working/rodep_ros2/yano_ws/build/operator/test_results/operator/cppcheck.xunit.xml"</FullCommandLine>
			<Results>
				<NamedMeasurement type="numeric/double" name="Execution Time">
					<Value>0.239364</Value>
				</NamedMeasurement>
				<NamedMeasurement type="numeric/double" name="Processors">
					<Value>1</Value>
				</NamedMeasurement>
				<NamedMeasurement type="text/string" name="Completion Status">
					<Value>Completed</Value>
				</NamedMeasurement>
				<NamedMeasurement type="text/string" name="Command Line">
					<Value>/usr/bin/python3 "-u" "/opt/ros/humble/share/ament_cmake_test/cmake/run_test.py" "/root/working/rodep_ros2/yano_ws/build/operator/test_results/operator/cppcheck.xunit.xml" "--package-name" "operator" "--output-file" "/root/working/rodep_ros2/yano_ws/build/operator/ament_cppcheck/cppcheck.txt" "--command" "/opt/ros/humble/bin/ament_cppcheck" "--xunit-file" "/root/working/rodep_ros2/yano_ws/build/operator/test_results/operator/cppcheck.xunit.xml"</Value>
				</NamedMeasurement>
				<NamedMeasurement type="text/string" name="Environment">
					<Value>#CTEST_RESOURCE_GROUP_COUNT=</Value>
				</NamedMeasurement>
				<Measurement>
					<Value>-- run_test.py: invoking following command in '/root/working/rodep_ros2/yano_ws/src/operator':
 - /opt/ros/humble/bin/ament_cppcheck --xunit-file /root/working/rodep_ros2/yano_ws/build/operator/test_results/operator/cppcheck.xunit.xml
cppcheck 2.7 has known performance issues and therefore will not be used, set the AMENT_CPPCHECK_ALLOW_SLOW_VERSIONS environment variable to override this.
-- run_test.py: return code 0
-- run_test.py: verify result file '/root/working/rodep_ros2/yano_ws/build/operator/test_results/operator/cppcheck.xunit.xml'
</Value>
				</Measurement>
			</Results>
			<Labels>
				<Label>cppcheck</Label>
				<Label>linter</Label>
			</Labels>
		</Test>
		<Test Status="failed">
			<Name>flake8</Name>
			<Path>.</Path>
			<FullName>./flake8</FullName>
			<FullCommandLine>/usr/bin/python3 "-u" "/opt/ros/humble/share/ament_cmake_test/cmake/run_test.py" "/root/working/rodep_ros2/yano_ws/build/operator/test_results/operator/flake8.xunit.xml" "--package-name" "operator" "--output-file" "/root/working/rodep_ros2/yano_ws/build/operator/ament_flake8/flake8.txt" "--command" "/opt/ros/humble/bin/ament_flake8" "--xunit-file" "/root/working/rodep_ros2/yano_ws/build/operator/test_results/operator/flake8.xunit.xml"</FullCommandLine>
			<Results>
				<NamedMeasurement type="text/string" name="Exit Code">
					<Value>Failed</Value>
				</NamedMeasurement>
				<NamedMeasurement type="text/string" name="Exit Value">
					<Value>1</Value>
				</NamedMeasurement>
				<NamedMeasurement type="numeric/double" name="Execution Time">
					<Value>0.35649</Value>
				</NamedMeasurement>
				<NamedMeasurement type="numeric/double" name="Processors">
					<Value>1</Value>
				</NamedMeasurement>
				<NamedMeasurement type="text/string" name="Completion Status">
					<Value>Completed</Value>
				</NamedMeasurement>
				<NamedMeasurement type="text/string" name="Command Line">
					<Value>/usr/bin/python3 "-u" "/opt/ros/humble/share/ament_cmake_test/cmake/run_test.py" "/root/working/rodep_ros2/yano_ws/build/operator/test_results/operator/flake8.xunit.xml" "--package-name" "operator" "--output-file" "/root/working/rodep_ros2/yano_ws/build/operator/ament_flake8/flake8.txt" "--command" "/opt/ros/humble/bin/ament_flake8" "--xunit-file" "/root/working/rodep_ros2/yano_ws/build/operator/test_results/operator/flake8.xunit.xml"</Value>
				</NamedMeasurement>
				<NamedMeasurement type="text/string" name="Environment">
					<Value>#CTEST_RESOURCE_GROUP_COUNT=</Value>
				</NamedMeasurement>
				<Measurement>
					<Value>-- run_test.py: invoking following command in '/root/working/rodep_ros2/yano_ws/src/operator':
 - /opt/ros/humble/bin/ament_flake8 --xunit-file /root/working/rodep_ros2/yano_ws/build/operator/test_results/operator/flake8.xunit.xml
def generate_launch_description():
^
	return LaunchDescription([
^
        Node(
^
        Node(
        ^
            package="joy",
^
            # namespace="",
^
            executable="joy_node",
^
            name="pub_joy"
^
        ),
^
		Node(
^
			package='operator',
^
			executable='operator_node',
^
			name='operator_node',
^
			output='screen',
^
		),
^
	])
^
6     E101 indentation contains mixed spaces and tabs
1     E122 continuation line missing indentation or outdented
1     E302 expected 2 blank lines, found 1
8     W191 indentation contains tabs

./launch/operator_launch.py:4:1: E302 expected 2 blank lines, found 1

./launch/operator_launch.py:5:1: W191 indentation contains tabs

./launch/operator_launch.py:6:1: E101 indentation contains mixed spaces and tabs

./launch/operator_launch.py:6:9: E122 continuation line missing indentation or outdented

./launch/operator_launch.py:7:1: E101 indentation contains mixed spaces and tabs

./launch/operator_launch.py:8:1: E101 indentation contains mixed spaces and tabs

./launch/operator_launch.py:9:1: E101 indentation contains mixed spaces and tabs

./launch/operator_launch.py:10:1: E101 indentation contains mixed spaces and tabs

./launch/operator_launch.py:11:1: E101 indentation contains mixed spaces and tabs

./launch/operator_launch.py:12:1: W191 indentation contains tabs

./launch/operator_launch.py:13:1: W191 indentation contains tabs

./launch/operator_launch.py:14:1: W191 indentation contains tabs

./launch/operator_launch.py:15:1: W191 indentation contains tabs

./launch/operator_launch.py:16:1: W191 indentation contains tabs

./launch/operator_launch.py:17:1: W191 indentation contains tabs

./launch/operator_launch.py:18:1: W191 indentation contains tabs


1 files checked
16 errors

'E'-type errors: 8
'W'-type errors: 8

Checked files:

* ./launch/operator_launch.py
-- run_test.py: return code 1
-- run_test.py: verify result file '/root/working/rodep_ros2/yano_ws/build/operator/test_results/operator/flake8.xunit.xml'
</Value>
				</Measurement>
			</Results>
			<Labels>
				<Label>flake8</Label>
				<Label>linter</Label>
			</Labels>
		</Test>
		<Test Status="failed">
			<Name>lint_cmake</Name>
			<Path>.</Path>
			<FullName>./lint_cmake</FullName>
			<FullCommandLine>/usr/bin/python3 "-u" "/opt/ros/humble/share/ament_cmake_test/cmake/run_test.py" "/root/working/rodep_ros2/yano_ws/build/operator/test_results/operator/lint_cmake.xunit.xml" "--package-name" "operator" "--output-file" "/root/working/rodep_ros2/yano_ws/build/operator/ament_lint_cmake/lint_cmake.txt" "--command" "/opt/ros/humble/bin/ament_lint_cmake" "--xunit-file" "/root/working/rodep_ros2/yano_ws/build/operator/test_results/operator/lint_cmake.xunit.xml"</FullCommandLine>
			<Results>
				<NamedMeasurement type="text/string" name="Exit Code">
					<Value>Failed</Value>
				</NamedMeasurement>
				<NamedMeasurement type="text/string" name="Exit Value">
					<Value>1</Value>
				</NamedMeasurement>
				<NamedMeasurement type="numeric/double" name="Execution Time">
					<Value>0.255173</Value>
				</NamedMeasurement>
				<NamedMeasurement type="numeric/double" name="Processors">
					<Value>1</Value>
				</NamedMeasurement>
				<NamedMeasurement type="text/string" name="Completion Status">
					<Value>Completed</Value>
				</NamedMeasurement>
				<NamedMeasurement type="text/string" name="Command Line">
					<Value>/usr/bin/python3 "-u" "/opt/ros/humble/share/ament_cmake_test/cmake/run_test.py" "/root/working/rodep_ros2/yano_ws/build/operator/test_results/operator/lint_cmake.xunit.xml" "--package-name" "operator" "--output-file" "/root/working/rodep_ros2/yano_ws/build/operator/ament_lint_cmake/lint_cmake.txt" "--command" "/opt/ros/humble/bin/ament_lint_cmake" "--xunit-file" "/root/working/rodep_ros2/yano_ws/build/operator/test_results/operator/lint_cmake.xunit.xml"</Value>
				</NamedMeasurement>
				<NamedMeasurement type="text/string" name="Environment">
					<Value>#CTEST_RESOURCE_GROUP_COUNT=</Value>
				</NamedMeasurement>
				<Measurement>
					<Value>-- run_test.py: invoking following command in '/root/working/rodep_ros2/yano_ws/src/operator':
 - /opt/ros/humble/bin/ament_lint_cmake --xunit-file /root/working/rodep_ros2/yano_ws/build/operator/test_results/operator/lint_cmake.xunit.xml
CMakeLists.txt:23: Tab found; please use spaces [whitespace/tabs]
CMakeLists.txt:24: Tab found; please use spaces [whitespace/tabs]
CMakeLists.txt:24: Line ends in whitespace [whitespace/eol]


3 errors
-- run_test.py: return code 1
-- run_test.py: verify result file '/root/working/rodep_ros2/yano_ws/build/operator/test_results/operator/lint_cmake.xunit.xml'
</Value>
				</Measurement>
			</Results>
			<Labels>
				<Label>lint_cmake</Label>
				<Label>linter</Label>
			</Labels>
		</Test>
		<Test Status="passed">
			<Name>pep257</Name>
			<Path>.</Path>
			<FullName>./pep257</FullName>
			<FullCommandLine>/usr/bin/python3 "-u" "/opt/ros/humble/share/ament_cmake_test/cmake/run_test.py" "/root/working/rodep_ros2/yano_ws/build/operator/test_results/operator/pep257.xunit.xml" "--package-name" "operator" "--output-file" "/root/working/rodep_ros2/yano_ws/build/operator/ament_pep257/pep257.txt" "--command" "/opt/ros/humble/bin/ament_pep257" "--xunit-file" "/root/working/rodep_ros2/yano_ws/build/operator/test_results/operator/pep257.xunit.xml"</FullCommandLine>
			<Results>
				<NamedMeasurement type="numeric/double" name="Execution Time">
					<Value>0.286804</Value>
				</NamedMeasurement>
				<NamedMeasurement type="numeric/double" name="Processors">
					<Value>1</Value>
				</NamedMeasurement>
				<NamedMeasurement type="text/string" name="Completion Status">
					<Value>Completed</Value>
				</NamedMeasurement>
				<NamedMeasurement type="text/string" name="Command Line">
					<Value>/usr/bin/python3 "-u" "/opt/ros/humble/share/ament_cmake_test/cmake/run_test.py" "/root/working/rodep_ros2/yano_ws/build/operator/test_results/operator/pep257.xunit.xml" "--package-name" "operator" "--output-file" "/root/working/rodep_ros2/yano_ws/build/operator/ament_pep257/pep257.txt" "--command" "/opt/ros/humble/bin/ament_pep257" "--xunit-file" "/root/working/rodep_ros2/yano_ws/build/operator/test_results/operator/pep257.xunit.xml"</Value>
				</NamedMeasurement>
				<NamedMeasurement type="text/string" name="Environment">
					<Value>#CTEST_RESOURCE_GROUP_COUNT=</Value>
				</NamedMeasurement>
				<Measurement>
					<Value>-- run_test.py: invoking following command in '/root/working/rodep_ros2/yano_ws/src/operator':
 - /opt/ros/humble/bin/ament_pep257 --xunit-file /root/working/rodep_ros2/yano_ws/build/operator/test_results/operator/pep257.xunit.xml
checking ./launch/operator_launch.py
No problems found
-- run_test.py: return code 0
-- run_test.py: verify result file '/root/working/rodep_ros2/yano_ws/build/operator/test_results/operator/pep257.xunit.xml'
</Value>
				</Measurement>
			</Results>
			<Labels>
				<Label>linter</Label>
				<Label>pep257</Label>
			</Labels>
		</Test>
		<Test Status="failed">
			<Name>uncrustify</Name>
			<Path>.</Path>
			<FullName>./uncrustify</FullName>
			<FullCommandLine>/usr/bin/python3 "-u" "/opt/ros/humble/share/ament_cmake_test/cmake/run_test.py" "/root/working/rodep_ros2/yano_ws/build/operator/test_results/operator/uncrustify.xunit.xml" "--package-name" "operator" "--output-file" "/root/working/rodep_ros2/yano_ws/build/operator/ament_uncrustify/uncrustify.txt" "--command" "/opt/ros/humble/bin/ament_uncrustify" "--xunit-file" "/root/working/rodep_ros2/yano_ws/build/operator/test_results/operator/uncrustify.xunit.xml"</FullCommandLine>
			<Results>
				<NamedMeasurement type="text/string" name="Exit Code">
					<Value>Failed</Value>
				</NamedMeasurement>
				<NamedMeasurement type="text/string" name="Exit Value">
					<Value>1</Value>
				</NamedMeasurement>
				<NamedMeasurement type="numeric/double" name="Execution Time">
					<Value>0.210492</Value>
				</NamedMeasurement>
				<NamedMeasurement type="numeric/double" name="Processors">
					<Value>1</Value>
				</NamedMeasurement>
				<NamedMeasurement type="text/string" name="Completion Status">
					<Value>Completed</Value>
				</NamedMeasurement>
				<NamedMeasurement type="text/string" name="Command Line">
					<Value>/usr/bin/python3 "-u" "/opt/ros/humble/share/ament_cmake_test/cmake/run_test.py" "/root/working/rodep_ros2/yano_ws/build/operator/test_results/operator/uncrustify.xunit.xml" "--package-name" "operator" "--output-file" "/root/working/rodep_ros2/yano_ws/build/operator/ament_uncrustify/uncrustify.txt" "--command" "/opt/ros/humble/bin/ament_uncrustify" "--xunit-file" "/root/working/rodep_ros2/yano_ws/build/operator/test_results/operator/uncrustify.xunit.xml"</Value>
				</NamedMeasurement>
				<NamedMeasurement type="text/string" name="Environment">
					<Value>#CTEST_RESOURCE_GROUP_COUNT=</Value>
				</NamedMeasurement>
				<Measurement>
					<Value>-- run_test.py: invoking following command in '/root/working/rodep_ros2/yano_ws/src/operator':
 - /opt/ros/humble/bin/ament_uncrustify --xunit-file /root/working/rodep_ros2/yano_ws/build/operator/test_results/operator/uncrustify.xunit.xml
Code style divergence in file 'src/operator.cpp':

--- src/operator.cpp
+++ src/operator.cpp.uncrustify
@@ -19 +19 @@
-    enum class Mode { STOP, DRIVE };
+  enum class Mode { STOP, DRIVE };
@@ -21,5 +21,5 @@
-    Operator()
-        : Node("operator"), m1_vel(0.0f), m2_vel(0.0f), mode_(Mode::STOP)
-    {
-        subscription_ = this-&gt;create_subscription&lt;sensor_msgs::msg::Joy&gt;(
-            "/joy", 10, std::bind(&amp;Operator::joy_callback, this, _1));
+  Operator()
+  : Node("operator"), m1_vel(0.0f), m2_vel(0.0f), mode_(Mode::STOP)
+  {
+    subscription_ = this-&gt;create_subscription&lt;sensor_msgs::msg::Joy&gt;(
+      "/joy", 10, std::bind(&amp;Operator::joy_callback, this, _1));
@@ -27,4 +27,31 @@
-        publisher_ = this-&gt;create_publisher&lt;custom_interfaces::msg::DriverVelocity&gt;("/driver", 10);
-        
-        service_ = this-&gt;create_service&lt;custom_interfaces::srv::SetMode&gt;(
-            "/set_mode", std::bind(&amp;Operator::set_mode_callback, this, _1, _2));
+    publisher_ = this-&gt;create_publisher&lt;custom_interfaces::msg::DriverVelocity&gt;("/driver", 10);
+
+    service_ = this-&gt;create_service&lt;custom_interfaces::srv::SetMode&gt;(
+      "/set_mode", std::bind(&amp;Operator::set_mode_callback, this, _1, _2));
+  }
+
+private:
+  static constexpr float WIDTH = 0.29f;
+  static constexpr float MAX_SPEED = 0.5f;
+  static constexpr float DEADZONE = 0.1f;
+
+  float m1_vel, m2_vel;
+  Mode mode_;
+
+  static float applyDeadzone(float val, float threshold)
+  {
+    return (std::abs(val) &lt; threshold) ? 0.0f : val;
+  }
+
+  void joy_callback(const sensor_msgs::msg::Joy &amp; msg)
+  {
+    // ボタンをチェックしてモードを切り替える
+    if (msg.buttons.size() &gt; 0) {
+      // テスト
+      if (msg.buttons[4] == 1) {      // ボタン0が押された場合
+        mode_ = Mode::STOP;
+        RCLCPP_INFO(this-&gt;get_logger(), "Mode switched to STOP");
+      } else if (msg.buttons[6] == 1) {    // ボタン1が押された場合
+        mode_ = Mode::DRIVE;
+        RCLCPP_INFO(this-&gt;get_logger(), "Mode switched to DRIVE");
+      }
@@ -33,4 +60,9 @@
-private:
-    static constexpr float WIDTH = 0.29f;
-    static constexpr float MAX_SPEED = 0.5f;
-    static constexpr float DEADZONE = 0.1f;
+    // モードがSTOPの場合は速度を0に設定
+    if (mode_ == Mode::STOP) {
+      m1_vel = 0.0f;
+      m2_vel = 0.0f;
+    } else if (mode_ == Mode::DRIVE) {
+      if (msg.axes.size() &lt; 4) {
+        RCLCPP_WARN(this-&gt;get_logger(), "Joystick axes array is too small!");
+        return;
+      }
@@ -38,2 +70,2 @@
-    float m1_vel, m2_vel;
-    Mode mode_;
+      float m1_axis_y = applyDeadzone(std::clamp&lt;float&gt;(msg.axes[1], -0.95f, 0.95f), DEADZONE);
+      float m2_axis_y = applyDeadzone(std::clamp&lt;float&gt;(msg.axes[3], -0.95f, 0.95f), DEADZONE);
@@ -41,3 +73,2 @@
-    static float applyDeadzone(float val, float threshold)
-    {
-        return (std::abs(val) &lt; threshold) ? 0.0f : val;
+      m1_vel = std::clamp&lt;float&gt;(m1_axis_y * MAX_SPEED, -MAX_SPEED, MAX_SPEED);
+      m2_vel = std::clamp&lt;float&gt;(m2_axis_y * MAX_SPEED, -MAX_SPEED, MAX_SPEED);
@@ -46,17 +77,5 @@
-    void joy_callback(const sensor_msgs::msg::Joy &amp;msg)
-    {
-        // ボタンをチェックしてモードを切り替える
-        if (msg.buttons.size() &gt; 0)
-        {
-            // テスト
-            if (msg.buttons[4] == 1)  // ボタン0が押された場合
-            {
-                mode_ = Mode::STOP;
-                RCLCPP_INFO(this-&gt;get_logger(), "Mode switched to STOP");
-            }
-            else if (msg.buttons[6] == 1)  // ボタン1が押された場合
-            {
-                mode_ = Mode::DRIVE;
-                RCLCPP_INFO(this-&gt;get_logger(), "Mode switched to DRIVE");
-            }
-        }
+    auto message = custom_interfaces::msg::DriverVelocity();
+    message.m1_vel = m1_vel;
+    message.m2_vel = m2_vel;
+    publisher_-&gt;publish(message);
+  }
@@ -64,13 +83,17 @@
-        // モードがSTOPの場合は速度を0に設定
-        if (mode_ == Mode::STOP)
-        {
-            m1_vel = 0.0f;
-            m2_vel = 0.0f;
-        }
-        else if (mode_ == Mode::DRIVE)
-        {
-            if (msg.axes.size() &lt; 4)
-            {
-                RCLCPP_WARN(this-&gt;get_logger(), "Joystick axes array is too small!");
-                return;
-            }
+  void set_mode_callback(
+    const std::shared_ptr&lt;custom_interfaces::srv::SetMode::Request&gt; request,
+    std::shared_ptr&lt;custom_interfaces::srv::SetMode::Response&gt; response)
+  {
+    if (request-&gt;mode == "STOP") {
+      mode_ = Mode::STOP;
+      response-&gt;success = true;
+      RCLCPP_INFO(this-&gt;get_logger(), "Mode set to STOP");
+    } else if (request-&gt;mode == "DRIVE") {
+      mode_ = Mode::DRIVE;
+      response-&gt;success = true;
+      RCLCPP_INFO(this-&gt;get_logger(), "Mode set to DRIVE");
+    } else {
+      response-&gt;success = false;
+      RCLCPP_WARN(this-&gt;get_logger(), "Invalid mode requested");
+    }
+  }
@@ -78,38 +101,3 @@
-            float m1_axis_y = applyDeadzone(std::clamp&lt;float&gt;(msg.axes[1], -0.95f, 0.95f), DEADZONE);
-            float m2_axis_y = applyDeadzone(std::clamp&lt;float&gt;(msg.axes[3], -0.95f, 0.95f), DEADZONE);
-
-            m1_vel = std::clamp&lt;float&gt;(m1_axis_y * MAX_SPEED, -MAX_SPEED, MAX_SPEED);
-            m2_vel = std::clamp&lt;float&gt;(m2_axis_y * MAX_SPEED, -MAX_SPEED, MAX_SPEED);
-        }
-
-        auto message = custom_interfaces::msg::DriverVelocity();
-        message.m1_vel = m1_vel;
-        message.m2_vel = m2_vel;
-        publisher_-&gt;publish(message);
-    }
-
-    void set_mode_callback(const std::shared_ptr&lt;custom_interfaces::srv::SetMode::Request&gt; request,
-                           std::shared_ptr&lt;custom_interfaces::srv::SetMode::Response&gt; response)
-    {
-        if (request-&gt;mode == "STOP")
-        {
-            mode_ = Mode::STOP;
-            response-&gt;success = true;
-            RCLCPP_INFO(this-&gt;get_logger(), "Mode set to STOP");
-        }
-        else if (request-&gt;mode == "DRIVE")
-        {
-            mode_ = Mode::DRIVE;
-            response-&gt;success = true;
-            RCLCPP_INFO(this-&gt;get_logger(), "Mode set to DRIVE");
-        }
-        else
-        {
-            response-&gt;success = false;
-            RCLCPP_WARN(this-&gt;get_logger(), "Invalid mode requested");
-        }
-    }
-
-    rclcpp::Subscription&lt;sensor_msgs::msg::Joy&gt;::SharedPtr subscription_;
-    rclcpp::Publisher&lt;custom_interfaces::msg::DriverVelocity&gt;::SharedPtr publisher_;
-    rclcpp::Service&lt;custom_interfaces::srv::SetMode&gt;::SharedPtr service_;
+  rclcpp::Subscription&lt;sensor_msgs::msg::Joy&gt;::SharedPtr subscription_;
+  rclcpp::Publisher&lt;custom_interfaces::msg::DriverVelocity&gt;::SharedPtr publisher_;
+  rclcpp::Service&lt;custom_interfaces::srv::SetMode&gt;::SharedPtr service_;
@@ -118 +106 @@
-int main(int argc, char *argv[])
+int main(int argc, char * argv[])
@@ -120,4 +108,4 @@
-    rclcpp::init(argc, argv);
-    rclcpp::spin(std::make_shared&lt;Operator&gt;());
-    rclcpp::shutdown();
-    return 0;
+  rclcpp::init(argc, argv);
+  rclcpp::spin(std::make_shared&lt;Operator&gt;());
+  rclcpp::shutdown();
+  return 0;

1 files with code style divergence
-- run_test.py: return code 1
-- run_test.py: verify result file '/root/working/rodep_ros2/yano_ws/build/operator/test_results/operator/uncrustify.xunit.xml'
</Value>
				</Measurement>
			</Results>
			<Labels>
				<Label>linter</Label>
				<Label>uncrustify</Label>
			</Labels>
		</Test>
		<Test Status="passed">
			<Name>xmllint</Name>
			<Path>.</Path>
			<FullName>./xmllint</FullName>
			<FullCommandLine>/usr/bin/python3 "-u" "/opt/ros/humble/share/ament_cmake_test/cmake/run_test.py" "/root/working/rodep_ros2/yano_ws/build/operator/test_results/operator/xmllint.xunit.xml" "--package-name" "operator" "--output-file" "/root/working/rodep_ros2/yano_ws/build/operator/ament_xmllint/xmllint.txt" "--command" "/opt/ros/humble/bin/ament_xmllint" "--xunit-file" "/root/working/rodep_ros2/yano_ws/build/operator/test_results/operator/xmllint.xunit.xml"</FullCommandLine>
			<Results>
				<NamedMeasurement type="numeric/double" name="Execution Time">
					<Value>0.524588</Value>
				</NamedMeasurement>
				<NamedMeasurement type="numeric/double" name="Processors">
					<Value>1</Value>
				</NamedMeasurement>
				<NamedMeasurement type="text/string" name="Completion Status">
					<Value>Completed</Value>
				</NamedMeasurement>
				<NamedMeasurement type="text/string" name="Command Line">
					<Value>/usr/bin/python3 "-u" "/opt/ros/humble/share/ament_cmake_test/cmake/run_test.py" "/root/working/rodep_ros2/yano_ws/build/operator/test_results/operator/xmllint.xunit.xml" "--package-name" "operator" "--output-file" "/root/working/rodep_ros2/yano_ws/build/operator/ament_xmllint/xmllint.txt" "--command" "/opt/ros/humble/bin/ament_xmllint" "--xunit-file" "/root/working/rodep_ros2/yano_ws/build/operator/test_results/operator/xmllint.xunit.xml"</Value>
				</NamedMeasurement>
				<NamedMeasurement type="text/string" name="Environment">
					<Value>#CTEST_RESOURCE_GROUP_COUNT=</Value>
				</NamedMeasurement>
				<Measurement>
					<Value>-- run_test.py: invoking following command in '/root/working/rodep_ros2/yano_ws/src/operator':
 - /opt/ros/humble/bin/ament_xmllint --xunit-file /root/working/rodep_ros2/yano_ws/build/operator/test_results/operator/xmllint.xunit.xml
File 'package.xml' is valid

No problems found
-- run_test.py: return code 0
-- run_test.py: verify result file '/root/working/rodep_ros2/yano_ws/build/operator/test_results/operator/xmllint.xunit.xml'
</Value>
				</Measurement>
			</Results>
			<Labels>
				<Label>linter</Label>
				<Label>xmllint</Label>
			</Labels>
		</Test>
		<EndDateTime>Mar 07 10:49 UTC</EndDateTime>
		<EndTestTime>1741344590</EndTestTime>
		<ElapsedMinutes>0</ElapsedMinutes>
	</Testing>
</Site>
