[01m[K/root/working/test_ws/yano_ws/src/crawler_driver/src/crawler_driver.cpp:[m[K In member function â€˜[01m[Kvoid RoboclawDriver::appendFloat32(std::vector<unsigned char>&, float)[m[Kâ€™:
[01m[K/root/working/test_ws/yano_ws/src/crawler_driver/src/crawler_driver.cpp:145:56:[m[K [01;31m[Kerror: [m[Kinvalid operands of types â€˜[01m[Kfloat[m[Kâ€™ and â€˜[01m[Kint[m[Kâ€™ to binary â€˜[01m[Koperator>>[m[Kâ€™
  145 |             data.push_back(static_cast<uint8_t>(([32m[Kvalue[m[K [01;31m[K>>[m[K [34m[K(8 * i)[m[K) & 0xFF));
      |                                                  [32m[K~~~~~[m[K [01;31m[K^~[m[K [34m[K~~~~~~~[m[K
      |                                                  [32m[K|[m[K           [34m[K|[m[K
      |                                                  [32m[Kfloat[m[K       [34m[Kint[m[K
gmake[2]: *** [CMakeFiles/crawler_driver_node.dir/build.make:76: CMakeFiles/crawler_driver_node.dir/src/crawler_driver.cpp.o] Error 1
gmake[1]: *** [CMakeFiles/Makefile2:137: CMakeFiles/crawler_driver_node.dir/all] Error 2
gmake: *** [Makefile:146: all] Error 2
