[0.019s] Invoking command in '/root/working/rodep_ros2/yano_ws/build/driver': /usr/bin/cmake --build /root/working/rodep_ros2/yano_ws/build/driver -- -j4 -l4
[0.050s] -- Found ament_cmake: 1.3.11 (/opt/ros/humble/share/ament_cmake/cmake)
[0.146s] Traceback (most recent call last):
[0.146s]   File "/opt/ros/humble/share/ament_cmake_core/cmake/package_templates/templates_2_cmake.py", line 21, in <module>
[0.147s]     from ament_package.templates import get_environment_hook_template_path
[0.147s] ModuleNotFoundError: No module named 'ament_package'
[0.151s] [31mCMake Error at /opt/ros/humble/share/ament_cmake_core/cmake/ament_cmake_package_templates-extras.cmake:41 (message):
[0.151s]   execute_process(/usr/bin/python3
[0.151s]   /opt/ros/humble/share/ament_cmake_core/cmake/package_templates/templates_2_cmake.py
[0.151s]   /root/working/rodep_ros2/yano_ws/build/driver/ament_cmake_package_templates/templates.cmake)
[0.151s]   returned error code 1
[0.151s] Call Stack (most recent call first):
[0.152s]   /opt/ros/humble/share/ament_cmake_core/cmake/ament_cmake_coreConfig.cmake:41 (include)
[0.152s]   /opt/ros/humble/share/ament_cmake/cmake/ament_cmake_export_dependencies-extras.cmake:15 (find_package)
[0.152s]   /opt/ros/humble/share/ament_cmake/cmake/ament_cmakeConfig.cmake:41 (include)
[0.152s]   CMakeLists.txt:9 (find_package)
[0.152s] 
[0.152s] [0m
[0.152s] -- Configuring incomplete, errors occurred!
[0.152s] See also "/root/working/rodep_ros2/yano_ws/build/driver/CMakeFiles/CMakeOutput.log".
[0.154s] gmake: *** [Makefile:226: cmake_check_build_system] Error 1
[0.157s] Invoked command in '/root/working/rodep_ros2/yano_ws/build/driver' returned '2': /usr/bin/cmake --build /root/working/rodep_ros2/yano_ws/build/driver -- -j4 -l4
