Start testing: Mar 07 10:47 UTC
----------------------------------------------------------
1/2 Testing: lint_cmake
1/2 Test: lint_cmake
Command: "/usr/bin/python3" "-u" "/opt/ros/humble/share/ament_cmake_test/cmake/run_test.py" "/root/working/rodep_ros2/yano_ws/build/custom_interfaces/test_results/custom_interfaces/lint_cmake.xunit.xml" "--package-name" "custom_interfaces" "--output-file" "/root/working/rodep_ros2/yano_ws/build/custom_interfaces/ament_lint_cmake/lint_cmake.txt" "--command" "/opt/ros/humble/bin/ament_lint_cmake" "--xunit-file" "/root/working/rodep_ros2/yano_ws/build/custom_interfaces/test_results/custom_interfaces/lint_cmake.xunit.xml"
Directory: /root/working/rodep_ros2/yano_ws/custom_interfaces
"lint_cmake" start time: Mar 07 10:47 UTC
Output:
----------------------------------------------------------
-- run_test.py: invoking following command in '/root/working/rodep_ros2/yano_ws/custom_interfaces':
 - /opt/ros/humble/bin/ament_lint_cmake --xunit-file /root/working/rodep_ros2/yano_ws/build/custom_interfaces/test_results/custom_interfaces/lint_cmake.xunit.xml
CMakeLists.txt:17: Tab found; please use spaces [whitespace/tabs]
CMakeLists.txt:18: Tab found; please use spaces [whitespace/tabs]
CMakeLists.txt:22: Tab found; please use spaces [whitespace/tabs]
CMakeLists.txt:23: Tab found; please use spaces [whitespace/tabs]


4 errors
-- run_test.py: return code 1
-- run_test.py: verify result file '/root/working/rodep_ros2/yano_ws/build/custom_interfaces/test_results/custom_interfaces/lint_cmake.xunit.xml'
<end of output>
Test time =   0.20 sec
----------------------------------------------------------
Test Failed.
"lint_cmake" end time: Mar 07 10:47 UTC
"lint_cmake" time elapsed: 00:00:00
----------------------------------------------------------

2/2 Testing: xmllint
2/2 Test: xmllint
Command: "/usr/bin/python3" "-u" "/opt/ros/humble/share/ament_cmake_test/cmake/run_test.py" "/root/working/rodep_ros2/yano_ws/build/custom_interfaces/test_results/custom_interfaces/xmllint.xunit.xml" "--package-name" "custom_interfaces" "--output-file" "/root/working/rodep_ros2/yano_ws/build/custom_interfaces/ament_xmllint/xmllint.txt" "--command" "/opt/ros/humble/bin/ament_xmllint" "--xunit-file" "/root/working/rodep_ros2/yano_ws/build/custom_interfaces/test_results/custom_interfaces/xmllint.xunit.xml"
Directory: /root/working/rodep_ros2/yano_ws/custom_interfaces
"xmllint" start time: Mar 07 10:47 UTC
Output:
----------------------------------------------------------
-- run_test.py: invoking following command in '/root/working/rodep_ros2/yano_ws/custom_interfaces':
 - /opt/ros/humble/bin/ament_xmllint --xunit-file /root/working/rodep_ros2/yano_ws/build/custom_interfaces/test_results/custom_interfaces/xmllint.xunit.xml
File 'package.xml' is invalid:
/root/working/rodep_ros2/yano_ws/custom_interfaces/package.xml:15: element test_depend: Schemas validity error : Element 'test_depend': This element is not expected. Expected is one of ( member_of_group, export ).
/root/working/rodep_ros2/yano_ws/custom_interfaces/package.xml fails to validate

1 files are invalid
-- run_test.py: return code 1
-- run_test.py: verify result file '/root/working/rodep_ros2/yano_ws/build/custom_interfaces/test_results/custom_interfaces/xmllint.xunit.xml'
<end of output>
Test time =   1.01 sec
----------------------------------------------------------
Test Failed.
"xmllint" end time: Mar 07 10:47 UTC
"xmllint" time elapsed: 00:00:01
----------------------------------------------------------

End testing: Mar 07 10:47 UTC

lint_cmake =   0.20 sec*proc

linter =   1.21 sec*proc

xmllint =   1.01 sec*proc

