Start testing: Mar 07 10:51 UTC
----------------------------------------------------------
1/4 Testing: cppcheck
1/4 Test: cppcheck
Command: "/usr/bin/python3" "-u" "/opt/ros/humble/share/ament_cmake_test/cmake/run_test.py" "/root/working/rodep_ros2/yano_ws/build/driver/test_results/driver/cppcheck.xunit.xml" "--package-name" "driver" "--output-file" "/root/working/rodep_ros2/yano_ws/build/driver/ament_cppcheck/cppcheck.txt" "--command" "/opt/ros/humble/bin/ament_cppcheck" "--xunit-file" "/root/working/rodep_ros2/yano_ws/build/driver/test_results/driver/cppcheck.xunit.xml"
Directory: /root/working/rodep_ros2/yano_ws/src/driver
"cppcheck" start time: Mar 07 10:51 UTC
Output:
----------------------------------------------------------
-- run_test.py: invoking following command in '/root/working/rodep_ros2/yano_ws/src/driver':
 - /opt/ros/humble/bin/ament_cppcheck --xunit-file /root/working/rodep_ros2/yano_ws/build/driver/test_results/driver/cppcheck.xunit.xml
cppcheck 2.7 has known performance issues and therefore will not be used, set the AMENT_CPPCHECK_ALLOW_SLOW_VERSIONS environment variable to override this.
-- run_test.py: return code 0
-- run_test.py: verify result file '/root/working/rodep_ros2/yano_ws/build/driver/test_results/driver/cppcheck.xunit.xml'
<end of output>
Test time =   0.19 sec
----------------------------------------------------------
Test Passed.
"cppcheck" end time: Mar 07 10:51 UTC
"cppcheck" time elapsed: 00:00:00
----------------------------------------------------------

2/4 Testing: lint_cmake
2/4 Test: lint_cmake
Command: "/usr/bin/python3" "-u" "/opt/ros/humble/share/ament_cmake_test/cmake/run_test.py" "/root/working/rodep_ros2/yano_ws/build/driver/test_results/driver/lint_cmake.xunit.xml" "--package-name" "driver" "--output-file" "/root/working/rodep_ros2/yano_ws/build/driver/ament_lint_cmake/lint_cmake.txt" "--command" "/opt/ros/humble/bin/ament_lint_cmake" "--xunit-file" "/root/working/rodep_ros2/yano_ws/build/driver/test_results/driver/lint_cmake.xunit.xml"
Directory: /root/working/rodep_ros2/yano_ws/src/driver
"lint_cmake" start time: Mar 07 10:51 UTC
Output:
----------------------------------------------------------
-- run_test.py: invoking following command in '/root/working/rodep_ros2/yano_ws/src/driver':
 - /opt/ros/humble/bin/ament_lint_cmake --xunit-file /root/working/rodep_ros2/yano_ws/build/driver/test_results/driver/lint_cmake.xunit.xml
CMakeLists.txt:23: Tab found; please use spaces [whitespace/tabs]
CMakeLists.txt:23: Line ends in whitespace [whitespace/eol]


2 errors
-- run_test.py: return code 1
-- run_test.py: verify result file '/root/working/rodep_ros2/yano_ws/build/driver/test_results/driver/lint_cmake.xunit.xml'
<end of output>
Test time =   0.18 sec
----------------------------------------------------------
Test Failed.
"lint_cmake" end time: Mar 07 10:51 UTC
"lint_cmake" time elapsed: 00:00:00
----------------------------------------------------------

3/4 Testing: uncrustify
3/4 Test: uncrustify
Command: "/usr/bin/python3" "-u" "/opt/ros/humble/share/ament_cmake_test/cmake/run_test.py" "/root/working/rodep_ros2/yano_ws/build/driver/test_results/driver/uncrustify.xunit.xml" "--package-name" "driver" "--output-file" "/root/working/rodep_ros2/yano_ws/build/driver/ament_uncrustify/uncrustify.txt" "--command" "/opt/ros/humble/bin/ament_uncrustify" "--xunit-file" "/root/working/rodep_ros2/yano_ws/build/driver/test_results/driver/uncrustify.xunit.xml"
Directory: /root/working/rodep_ros2/yano_ws/src/driver
"uncrustify" start time: Mar 07 10:51 UTC
Output:
----------------------------------------------------------
-- run_test.py: invoking following command in '/root/working/rodep_ros2/yano_ws/src/driver':
 - /opt/ros/humble/bin/ament_uncrustify --xunit-file /root/working/rodep_ros2/yano_ws/build/driver/test_results/driver/uncrustify.xunit.xml
Code style divergence in file 'src/driver.cpp':

--- src/driver.cpp
+++ src/driver.cpp.uncrustify
@@ -6 +6 @@
-#include <std_msgs/msg/bool.hpp> 
+#include <std_msgs/msg/bool.hpp>
@@ -27 +27,2 @@
-class RoboclawDriver {
+class RoboclawDriver
+{
@@ -29,34 +30,39 @@
-    explicit RoboclawDriver(const string& port) : io(), serial(io, port) {
-        try {
-            serial.set_option(serial_port_base::baud_rate(SERIAL_BAUD_RATE));
-            serial.set_option(serial_port_base::character_size(8));
-            serial.set_option(serial_port_base::parity(serial_port_base::parity::none));
-            serial.set_option(serial_port_base::stop_bits(serial_port_base::stop_bits::one));
-            serial.set_option(serial_port_base::flow_control(serial_port_base::flow_control::none));
-        } catch (const boost::system::system_error& e) {
-            throw runtime_error("Failed to configure serial port: " + string(e.what()));
-        }
-    }
-
-    bool setMotorVelocity(int command, double counts_per_sec) {
-        vector<uint8_t> data = {ROBOCLAW_ADDRESS, static_cast<uint8_t>(command)};
-        appendInt32(data, static_cast<int>(counts_per_sec));
-        appendCRC(data);
-        return sendRoboclawCommand(data);
-    }
-
-    bool setPIDConstants(int command, int K_p, int K_i, int K_d, int qpps) {
-        vector<uint8_t> data = {ROBOCLAW_ADDRESS, static_cast<uint8_t>(command)};
-        appendInt32(data, K_d);
-        appendInt32(data, K_p);
-        appendInt32(data, K_i);
-        appendInt32(data, qpps);
-        appendCRC(data);
-        return sendRoboclawCommand(data);
-    }
-
-    bool resetEncoders() {
-        vector<uint8_t> data = {ROBOCLAW_ADDRESS, RESET_QUAD_ENCODER};
-        appendCRC(data);
-        return sendRoboclawCommand(data);
-    }
+  explicit RoboclawDriver(const string & port)
+  : io(), serial(io, port)
+  {
+    try {
+      serial.set_option(serial_port_base::baud_rate(SERIAL_BAUD_RATE));
+      serial.set_option(serial_port_base::character_size(8));
+      serial.set_option(serial_port_base::parity(serial_port_base::parity::none));
+      serial.set_option(serial_port_base::stop_bits(serial_port_base::stop_bits::one));
+      serial.set_option(serial_port_base::flow_control(serial_port_base::flow_control::none));
+    } catch (const boost::system::system_error & e) {
+      throw runtime_error("Failed to configure serial port: " + string(e.what()));
+    }
+  }
+
+  bool setMotorVelocity(int command, double counts_per_sec)
+  {
+    vector<uint8_t> data = {ROBOCLAW_ADDRESS, static_cast<uint8_t>(command)};
+    appendInt32(data, static_cast<int>(counts_per_sec));
+    appendCRC(data);
+    return sendRoboclawCommand(data);
+  }
+
+  bool setPIDConstants(int command, int K_p, int K_i, int K_d, int qpps)
+  {
+    vector<uint8_t> data = {ROBOCLAW_ADDRESS, static_cast<uint8_t>(command)};
+    appendInt32(data, K_d);
+    appendInt32(data, K_p);
+    appendInt32(data, K_i);
+    appendInt32(data, qpps);
+    appendCRC(data);
+    return sendRoboclawCommand(data);
+  }
+
+  bool resetEncoders()
+  {
+    vector<uint8_t> data = {ROBOCLAW_ADDRESS, RESET_QUAD_ENCODER};
+    appendCRC(data);
+    return sendRoboclawCommand(data);
+  }
@@ -65,39 +71,45 @@
-    io_service io;
-    serial_port serial;
-
-    bool sendRoboclawCommand(const vector<uint8_t>& data) {
-        try {
-            write(serial, buffer(data));
-            uint8_t response;
-            read(serial, buffer(&response, 1));
-            RCLCPP_DEBUG(rclcpp::get_logger("RoboclawDriver"), "Received Response: 0x%02X", response);
-            return true;
-        } catch (const boost::system::system_error& e) {
-            RCLCPP_ERROR(rclcpp::get_logger("RoboclawDriver"), "Serial Communication Error: %s", e.what());
-            return false;
-        }
-    }
-
-    uint16_t calculateCRC(const vector<uint8_t>& data) {
-        uint16_t crc = 0;
-        for (auto byte : data) {
-            crc ^= static_cast<uint16_t>(byte) << 8;
-            for (int i = 0; i < 8; i++) {
-                crc = (crc & 0x8000) ? (crc << 1) ^ 0x1021 : (crc << 1);
-            }
-        }
-        return crc;
-    }
-
-    // CRC追加
-    void appendCRC(vector<uint8_t>& data) {
-        uint16_t crc = calculateCRC(data);
-        data.push_back(static_cast<uint8_t>(crc >> 8));
-        data.push_back(static_cast<uint8_t>(crc & 0xFF));
-    }
-
-    void appendInt32(vector<uint8_t>& data, int value) {
-        for (int i = 3; i >= 0; --i) {
-            data.push_back(static_cast<uint8_t>((value >> (8 * i)) & 0xFF));
-        }
-    }
+  io_service io;
+  serial_port serial;
+
+  bool sendRoboclawCommand(const vector<uint8_t> & data)
+  {
+    try {
+      write(serial, buffer(data));
+      uint8_t response;
+      read(serial, buffer(&response, 1));
+      RCLCPP_DEBUG(rclcpp::get_logger("RoboclawDriver"), "Received Response: 0x%02X", response);
+      return true;
+    } catch (const boost::system::system_error & e) {
+      RCLCPP_ERROR(
+        rclcpp::get_logger("RoboclawDriver"), "Serial Communication Error: %s",
+        e.what());
+      return false;
+    }
+  }
+
+  uint16_t calculateCRC(const vector<uint8_t> & data)
+  {
+    uint16_t crc = 0;
+    for (auto byte : data) {
+      crc ^= static_cast<uint16_t>(byte) << 8;
+      for (int i = 0; i < 8; i++) {
+        crc = (crc & 0x8000) ? (crc << 1) ^ 0x1021 : (crc << 1);
+      }
+    }
+    return crc;
+  }
+
+  // CRC追加
+  void appendCRC(vector<uint8_t> & data)
+  {
+    uint16_t crc = calculateCRC(data);
+    data.push_back(static_cast<uint8_t>(crc >> 8));
+    data.push_back(static_cast<uint8_t>(crc & 0xFF));
+  }
+
+  void appendInt32(vector<uint8_t> & data, int value)
+  {
+    for (int i = 3; i >= 0; --i) {
+      data.push_back(static_cast<uint8_t>((value >> (8 * i)) & 0xFF));
+    }
+  }
@@ -107 +119,2 @@
-class Driver : public rclcpp::Node {
+class Driver : public rclcpp::Node
+{
@@ -109,22 +122,25 @@
-    Driver() : Node("driver"), roboclaw("/dev/ttyACM0") { 
-        declare_parameter("crawler_circumference", 0.39);
-        declare_parameter("counts_per_rev", 256); // quad pulses per rev = counts per rev
-        declare_parameter("gearhead_ratio", 66); // 減速比
-        declare_parameter("pulley_ratio", 2);
-
-        crawler_circumference_ = get_parameter("crawler_circumference").as_double();
-        counts_per_rev_ = get_parameter("counts_per_rev").as_int();
-        gearhead_ratio_ = get_parameter("gearhead_ratio").as_int();
-        pulley_ratio_ = get_parameter("pulley_ratio").as_int();
-
-        // velocityをqppsに変換する際に用いる定数
-        counts_per_meter_ = (counts_per_rev_ * gearhead_ratio_ * pulley_ratio_) / crawler_circumference_;
-
-        subscription_ = create_subscription<custom_interfaces::msg::DriverVelocity>(
-            "/operator", 10, bind(&Driver::driver_callback, this, _1));
-
-        estop_subscription_ = create_subscription<std_msgs::msg::Bool>(
-            "/emergency_stop", 10, bind(&Driver::estop_callback, this, _1));
-
-        init();
-    }
+  Driver()
+  : Node("driver"), roboclaw("/dev/ttyACM0")
+  {
+    declare_parameter("crawler_circumference", 0.39);
+    declare_parameter("counts_per_rev", 256);     // quad pulses per rev = counts per rev
+    declare_parameter("gearhead_ratio", 66);     // 減速比
+    declare_parameter("pulley_ratio", 2);
+
+    crawler_circumference_ = get_parameter("crawler_circumference").as_double();
+    counts_per_rev_ = get_parameter("counts_per_rev").as_int();
+    gearhead_ratio_ = get_parameter("gearhead_ratio").as_int();
+    pulley_ratio_ = get_parameter("pulley_ratio").as_int();
+
+    // velocityをqppsに変換する際に用いる定数
+    counts_per_meter_ = (counts_per_rev_ * gearhead_ratio_ * pulley_ratio_) /
+      crawler_circumference_;
+
+    subscription_ = create_subscription<custom_interfaces::msg::DriverVelocity>(
+      "/operator", 10, bind(&Driver::driver_callback, this, _1));
+
+    estop_subscription_ = create_subscription<std_msgs::msg::Bool>(
+      "/emergency_stop", 10, bind(&Driver::estop_callback, this, _1));
+
+    init();
+  }
@@ -133,53 +149,57 @@
-    RoboclawDriver roboclaw;
-    double crawler_circumference_;
-    int counts_per_rev_;
-    int gearhead_ratio_;
-    int pulley_ratio_;
-    double counts_per_meter_;
-    bool estop_active_ = false;  // E-stop state
-
-    rclcpp::Subscription<custom_interfaces::msg::DriverVelocity>::SharedPtr subscription_;
-    rclcpp::Subscription<std_msgs::msg::Bool>::SharedPtr estop_subscription_;
-
-    double velocity_to_counts_per_sec(double velocity) const {
-        return velocity * counts_per_meter_;
-    }
-
-    void init() {
-        roboclaw.setMotorVelocity(M1_MOTOR_COMMAND, 0);
-        roboclaw.setMotorVelocity(M2_MOTOR_COMMAND, 0);
-        roboclaw.setPIDConstants(M1_SET_PID_CONSTANTS_COMMAND, 0, 0, 0, QPPS);
-        roboclaw.setPIDConstants(M2_SET_PID_CONSTANTS_COMMAND, 0, 0, 0, QPPS);
-        roboclaw.resetEncoders();
-    }
-
-    void driver_callback(const custom_interfaces::msg::DriverVelocity& msg) {
-        if (estop_active_) {
-            RCLCPP_WARN(get_logger(), "E-stop is active. Ignoring motor commands.");
-            return;
-        }
-
-        double M1_counts_per_sec = velocity_to_counts_per_sec(msg.m1_vel);
-        double M2_counts_per_sec = velocity_to_counts_per_sec(msg.m2_vel);
-
-        if (!roboclaw.setMotorVelocity(M1_MOTOR_COMMAND, M1_counts_per_sec)) {
-            RCLCPP_ERROR(get_logger(), "Failed to send command to M1 motor");
-        }
-        if (!roboclaw.setMotorVelocity(M2_MOTOR_COMMAND, M2_counts_per_sec)) {
-            RCLCPP_ERROR(get_logger(), "Failed to send command to M2 motor");
-        }
-    }
-
-    void estop_callback(const std_msgs::msg::Bool::SharedPtr msg) {
-        estop_active_ = msg->data;
-
-        if (estop_active_) {
-            RCLCPP_WARN(get_logger(), "E-stop activated. Stopping all motors.");
-
-            // Send zero velocity commands to stop motors
-            roboclaw.setMotorVelocity(M1_MOTOR_COMMAND, 0);
-            roboclaw.setMotorVelocity(M2_MOTOR_COMMAND, 0);
-        } else {
-            RCLCPP_INFO(get_logger(), "E-stop deactivated. Resuming normal operation.");
-        }
-    }
+  RoboclawDriver roboclaw;
+  double crawler_circumference_;
+  int counts_per_rev_;
+  int gearhead_ratio_;
+  int pulley_ratio_;
+  double counts_per_meter_;
+  bool estop_active_ = false;    // E-stop state
+
+  rclcpp::Subscription<custom_interfaces::msg::DriverVelocity>::SharedPtr subscription_;
+  rclcpp::Subscription<std_msgs::msg::Bool>::SharedPtr estop_subscription_;
+
+  double velocity_to_counts_per_sec(double velocity) const
+  {
+    return velocity * counts_per_meter_;
+  }
+
+  void init()
+  {
+    roboclaw.setMotorVelocity(M1_MOTOR_COMMAND, 0);
+    roboclaw.setMotorVelocity(M2_MOTOR_COMMAND, 0);
+    roboclaw.setPIDConstants(M1_SET_PID_CONSTANTS_COMMAND, 0, 0, 0, QPPS);
+    roboclaw.setPIDConstants(M2_SET_PID_CONSTANTS_COMMAND, 0, 0, 0, QPPS);
+    roboclaw.resetEncoders();
+  }
+
+  void driver_callback(const custom_interfaces::msg::DriverVelocity & msg)
+  {
+    if (estop_active_) {
+      RCLCPP_WARN(get_logger(), "E-stop is active. Ignoring motor commands.");
+      return;
+    }
+
+    double M1_counts_per_sec = velocity_to_counts_per_sec(msg.m1_vel);
+    double M2_counts_per_sec = velocity_to_counts_per_sec(msg.m2_vel);
+
+    if (!roboclaw.setMotorVelocity(M1_MOTOR_COMMAND, M1_counts_per_sec)) {
+      RCLCPP_ERROR(get_logger(), "Failed to send command to M1 motor");
+    }
+    if (!roboclaw.setMotorVelocity(M2_MOTOR_COMMAND, M2_counts_per_sec)) {
+      RCLCPP_ERROR(get_logger(), "Failed to send command to M2 motor");
+    }
+  }
+
+  void estop_callback(const std_msgs::msg::Bool::SharedPtr msg)
+  {
+    estop_active_ = msg->data;
+
+    if (estop_active_) {
+      RCLCPP_WARN(get_logger(), "E-stop activated. Stopping all motors.");
+
+      // Send zero velocity commands to stop motors
+      roboclaw.setMotorVelocity(M1_MOTOR_COMMAND, 0);
+      roboclaw.setMotorVelocity(M2_MOTOR_COMMAND, 0);
+    } else {
+      RCLCPP_INFO(get_logger(), "E-stop deactivated. Resuming normal operation.");
+    }
+  }
@@ -188,5 +208,6 @@
-int main(int argc, char* argv[]) {
-    rclcpp::init(argc, argv);
-    rclcpp::spin(std::make_shared<Driver>());
-    rclcpp::shutdown();
-    return 0;
+int main(int argc, char * argv[])
+{
+  rclcpp::init(argc, argv);
+  rclcpp::spin(std::make_shared<Driver>());
+  rclcpp::shutdown();
+  return 0;

1 files with code style divergence
-- run_test.py: return code 1
-- run_test.py: verify result file '/root/working/rodep_ros2/yano_ws/build/driver/test_results/driver/uncrustify.xunit.xml'
<end of output>
Test time =   0.21 sec
----------------------------------------------------------
Test Failed.
"uncrustify" end time: Mar 07 10:51 UTC
"uncrustify" time elapsed: 00:00:00
----------------------------------------------------------

4/4 Testing: xmllint
4/4 Test: xmllint
Command: "/usr/bin/python3" "-u" "/opt/ros/humble/share/ament_cmake_test/cmake/run_test.py" "/root/working/rodep_ros2/yano_ws/build/driver/test_results/driver/xmllint.xunit.xml" "--package-name" "driver" "--output-file" "/root/working/rodep_ros2/yano_ws/build/driver/ament_xmllint/xmllint.txt" "--command" "/opt/ros/humble/bin/ament_xmllint" "--xunit-file" "/root/working/rodep_ros2/yano_ws/build/driver/test_results/driver/xmllint.xunit.xml"
Directory: /root/working/rodep_ros2/yano_ws/src/driver
"xmllint" start time: Mar 07 10:51 UTC
Output:
----------------------------------------------------------
-- run_test.py: invoking following command in '/root/working/rodep_ros2/yano_ws/src/driver':
 - /opt/ros/humble/bin/ament_xmllint --xunit-file /root/working/rodep_ros2/yano_ws/build/driver/test_results/driver/xmllint.xunit.xml
File 'package.xml' is valid

No problems found
-- run_test.py: return code 0
-- run_test.py: verify result file '/root/working/rodep_ros2/yano_ws/build/driver/test_results/driver/xmllint.xunit.xml'
<end of output>
Test time =   0.69 sec
----------------------------------------------------------
Test Passed.
"xmllint" end time: Mar 07 10:51 UTC
"xmllint" time elapsed: 00:00:00
----------------------------------------------------------

End testing: Mar 07 10:51 UTC

cppcheck =   0.19 sec*proc

lint_cmake =   0.18 sec*proc

linter =   1.28 sec*proc

uncrustify =   0.21 sec*proc

xmllint =   0.69 sec*proc

