[35m[1mConsolidate compiler generated dependencies of target operator_node[0m
[ 50%] [32mBuilding CXX object CMakeFiles/operator_node.dir/src/operator.cpp.o[0m
[01m[K/root/working/test_ws/yano_ws/src/operator/src/operator.cpp:[m[K In member function â€˜[01m[Kvoid Operator::joy_callback(const Joy&)[m[Kâ€™:
[01m[K/root/working/test_ws/yano_ws/src/operator/src/operator.cpp:130:17:[m[K [01;31m[Kerror: [m[Kâ€˜[01m[Kstruct custom_interfaces::msg::DriverVelocity_<std::allocator<void> >[m[Kâ€™ has no member named â€˜[01m[Kflipper[m[Kâ€™; did you mean â€˜[01m[Kflipper_vel[m[Kâ€™?
  130 |         message.[01;31m[Kflipper[m[K[0] = flipper1_speed;
      |                 [01;31m[K^~~~~~~[m[K
      |                 [32m[Kflipper_vel[m[K
[01m[K/root/working/test_ws/yano_ws/src/operator/src/operator.cpp:131:17:[m[K [01;31m[Kerror: [m[Kâ€˜[01m[Kstruct custom_interfaces::msg::DriverVelocity_<std::allocator<void> >[m[Kâ€™ has no member named â€˜[01m[Kflipper[m[Kâ€™; did you mean â€˜[01m[Kflipper_vel[m[Kâ€™?
  131 |         message.[01;31m[Kflipper[m[K[1] = flipper2_speed;
      |                 [01;31m[K^~~~~~~[m[K
      |                 [32m[Kflipper_vel[m[K
[01m[K/root/working/test_ws/yano_ws/src/operator/src/operator.cpp:132:17:[m[K [01;31m[Kerror: [m[Kâ€˜[01m[Kstruct custom_interfaces::msg::DriverVelocity_<std::allocator<void> >[m[Kâ€™ has no member named â€˜[01m[Kflipper[m[Kâ€™; did you mean â€˜[01m[Kflipper_vel[m[Kâ€™?
  132 |         message.[01;31m[Kflipper[m[K[2] = flipper3_speed;
      |                 [01;31m[K^~~~~~~[m[K
      |                 [32m[Kflipper_vel[m[K
[01m[K/root/working/test_ws/yano_ws/src/operator/src/operator.cpp:133:17:[m[K [01;31m[Kerror: [m[Kâ€˜[01m[Kstruct custom_interfaces::msg::DriverVelocity_<std::allocator<void> >[m[Kâ€™ has no member named â€˜[01m[Kflipper[m[Kâ€™; did you mean â€˜[01m[Kflipper_vel[m[Kâ€™?
  133 |         message.[01;31m[Kflipper[m[K[3] = flipper4_speed;
      |                 [01;31m[K^~~~~~~[m[K
      |                 [32m[Kflipper_vel[m[K
gmake[2]: *** [CMakeFiles/operator_node.dir/build.make:76: CMakeFiles/operator_node.dir/src/operator.cpp.o] Error 1
gmake[1]: *** [CMakeFiles/Makefile2:137: CMakeFiles/operator_node.dir/all] Error 2
gmake: *** [Makefile:146: all] Error 2
