-- Found ament_cmake: 1.3.11 (/opt/ros/humble/share/ament_cmake/cmake)
-- Found rclcpp: 16.0.11 (/opt/ros/humble/share/rclcpp/cmake)
-- Found rosidl_generator_c: 3.1.6 (/opt/ros/humble/share/rosidl_generator_c/cmake)
-- Found rosidl_adapter: 3.1.6 (/opt/ros/humble/share/rosidl_adapter/cmake)
-- Found rosidl_generator_cpp: 3.1.6 (/opt/ros/humble/share/rosidl_generator_cpp/cmake)
-- Using all available rosidl_typesupport_c: rosidl_typesupport_fastrtps_c;rosidl_typesupport_introspection_c
-- Using all available rosidl_typesupport_cpp: rosidl_typesupport_fastrtps_cpp;rosidl_typesupport_introspection_cpp
-- Found rmw_implementation_cmake: 6.1.2 (/opt/ros/humble/share/rmw_implementation_cmake/cmake)
-- Found rmw_fastrtps_cpp: 6.2.7 (/opt/ros/humble/share/rmw_fastrtps_cpp/cmake)
-- Found OpenSSL: /usr/lib/x86_64-linux-gnu/libcrypto.so (found version "3.0.2")  
-- Found FastRTPS: /opt/ros/humble/include  
-- Using RMW implementation 'rmw_fastrtps_cpp' as default
-- Looking for pthread.h
-- Looking for pthread.h - found
-- Performing Test CMAKE_HAVE_LIBC_PTHREAD
-- Performing Test CMAKE_HAVE_LIBC_PTHREAD - Success
-- Found Threads: TRUE  
-- Found sensor_msgs: 4.2.4 (/opt/ros/humble/share/sensor_msgs/cmake)
-- Found ament_lint_auto: 0.12.11 (/opt/ros/humble/share/ament_lint_auto/cmake)
-- Added test 'cppcheck' to perform static code analysis on C / C++ code
-- Configured cppcheck include dirs: 
-- Configured cppcheck exclude dirs and/or files: 
-- Added test 'lint_cmake' to check CMake code style
-- Added test 'uncrustify' to check C / C++ code style
-- Configured uncrustify additional arguments: 
-- Added test 'xmllint' to check XML markup files
-- Configuring done
-- Generating done
-- Build files have been written to: /root/working/ros2_ws/build/joy_controller
[ 50%] [32mBuilding CXX object CMakeFiles/sub.dir/src/my_joy.cpp.o[0m
In file included from [01m[K/opt/ros/humble/include/rclcpp/rclcpp/client.hpp:40[m[K,
                 from [01m[K/opt/ros/humble/include/rclcpp/rclcpp/callback_group.hpp:24[m[K,
                 from [01m[K/opt/ros/humble/include/rclcpp/rclcpp/any_executable.hpp:20[m[K,
                 from [01m[K/opt/ros/humble/include/rclcpp/rclcpp/memory_strategy.hpp:25[m[K,
                 from [01m[K/opt/ros/humble/include/rclcpp/rclcpp/memory_strategies.hpp:18[m[K,
                 from [01m[K/opt/ros/humble/include/rclcpp/rclcpp/executor_options.hpp:20[m[K,
                 from [01m[K/opt/ros/humble/include/rclcpp/rclcpp/executor.hpp:37[m[K,
                 from [01m[K/opt/ros/humble/include/rclcpp/rclcpp/executors/multi_threaded_executor.hpp:25[m[K,
                 from [01m[K/opt/ros/humble/include/rclcpp/rclcpp/executors.hpp:21[m[K,
                 from [01m[K/opt/ros/humble/include/rclcpp/rclcpp/rclcpp.hpp:155[m[K,
                 from [01m[K/root/working/ros2_ws/src/joy_controller/src/my_joy.cpp:6[m[K:
[01m[K/root/working/ros2_ws/src/joy_controller/src/my_joy.cpp:[m[K In member function â€˜[01m[Kvoid JoySubscriber::joy_callback(sensor_msgs::msg::Joy_<std::allocator<void> >::SharedPtr)[m[Kâ€™:
[01m[K/root/working/ros2_ws/src/joy_controller/src/my_joy.cpp:28:64:[m[K [01;31m[Kerror: [m[Kexpected â€˜[01m[K)[m[Kâ€™ before string constant
   28 |                               RCLCPP_INFO(this->get_logger() [01;31m[K"%d"[m[K, button);
      |                                                              [01;31m[K^~~~[m[K

[01m[K/root/working/ros2_ws/src/joy_controller/src/my_joy.cpp:28:33:[m[K [01;36m[Knote: [m[Kto match this â€˜[01m[K([m[Kâ€™
   28 |                                 [01;36m[KRCLCPP_INFO[m[K(this->get_logger() "%d", button);
      |                                 [01;36m[K^~~~~~~~~~~[m[K
[01m[K/root/working/ros2_ws/src/joy_controller/src/my_joy.cpp:28:33:[m[K [01;31m[Kerror: [m[Ktemplate argument 1 is invalid
   28 |                                 [01;31m[KRCLCPP_INFO[m[K(this->get_logger() "%d", button);
      |                                 [01;31m[K^~~~~~~~~~~[m[K
[01m[K/root/working/ros2_ws/src/joy_controller/src/my_joy.cpp:28:33:[m[K [01;31m[Kerror: [m[Ktemplate argument 1 is invalid
   28 |                                 [01;31m[KRCLCPP_INFO[m[K(this->get_logger() "%d", button);
      |                                 [01;31m[K^~~~~~~~~~~[m[K
[01m[K/root/working/ros2_ws/src/joy_controller/src/my_joy.cpp:28:33:[m[K [01;31m[Kerror: [m[Ktemplate argument 1 is invalid
   28 |                                 [01;31m[KRCLCPP_INFO[m[K(this->get_logger() "%d", button);
      |                                 [01;31m[K^~~~~~~~~~~[m[K
In file included from [01m[K/opt/ros/humble/include/rclcpp/rclcpp/logging.hpp:24[m[K,
                 from [01m[K/opt/ros/humble/include/rclcpp/rclcpp/client.hpp:40[m[K,
                 from [01m[K/opt/ros/humble/include/rclcpp/rclcpp/callback_group.hpp:24[m[K,
                 from [01m[K/opt/ros/humble/include/rclcpp/rclcpp/any_executable.hpp:20[m[K,
                 from [01m[K/opt/ros/humble/include/rclcpp/rclcpp/memory_strategy.hpp:25[m[K,
                 from [01m[K/opt/ros/humble/include/rclcpp/rclcpp/memory_strategies.hpp:18[m[K,
                 from [01m[K/opt/ros/humble/include/rclcpp/rclcpp/executor_options.hpp:20[m[K,
                 from [01m[K/opt/ros/humble/include/rclcpp/rclcpp/executor.hpp:37[m[K,
                 from [01m[K/opt/ros/humble/include/rclcpp/rclcpp/executors/multi_threaded_executor.hpp:25[m[K,
                 from [01m[K/opt/ros/humble/include/rclcpp/rclcpp/executors.hpp:21[m[K,
                 from [01m[K/opt/ros/humble/include/rclcpp/rclcpp/rclcpp.hpp:155[m[K,
                 from [01m[K/root/working/ros2_ws/src/joy_controller/src/my_joy.cpp:6[m[K:
[01m[K/root/working/ros2_ws/src/joy_controller/src/my_joy.cpp:28:64:[m[K [01;31m[Kerror: [m[Kexpected â€˜[01m[K)[m[Kâ€™ before string constant
   28 |                               RCLCPP_INFO(this->get_logger() [01;31m[K"%d"[m[K, button);
      |                                                              [01;31m[K^~~~[m[K

[01m[K/root/working/ros2_ws/src/joy_controller/src/my_joy.cpp:28:33:[m[K [01;36m[Knote: [m[Kto match this â€˜[01m[K([m[Kâ€™
   28 |                                 [01;36m[KRCLCPP_INFO[m[K(this->get_logger() "%d", button);
      |                                 [01;36m[K^~~~~~~~~~~[m[K
[01m[K/root/working/ros2_ws/src/joy_controller/src/my_joy.cpp:28:33:[m[K [01;31m[Kerror: [m[Kexpected â€˜[01m[K)[m[Kâ€™ before â€˜[01m[K}[m[Kâ€™ token
   28 |                                 [01;31m[KRCLCPP_INFO[m[K(this->get_logger() "%d", button);
      |                                 [01;31m[K^~~~~~~~~~~[m[K
[01m[K/root/working/ros2_ws/src/joy_controller/src/my_joy.cpp:28:33:[m[K [01;36m[Knote: [m[Kto match this â€˜[01m[K([m[Kâ€™
   28 |                                 [01;36m[KRCLCPP_INFO[m[K(this->get_logger() "%d", button);
      |                                 [01;36m[K^~~~~~~~~~~[m[K
[01m[K/root/working/ros2_ws/src/joy_controller/src/my_joy.cpp:28:33:[m[K [01;31m[Kerror: [m[Kexpected â€˜[01m[K)[m[Kâ€™ before â€˜[01m[K}[m[Kâ€™ token
   28 |                                 [01;31m[KRCLCPP_INFO[m[K(this->get_logger() "%d", button);
      |                                 [01;31m[K^~~~~~~~~~~[m[K
[01m[K/root/working/ros2_ws/src/joy_controller/src/my_joy.cpp:28:33:[m[K [01;36m[Knote: [m[Kto match this â€˜[01m[K([m[Kâ€™
   28 |                                 [01;36m[KRCLCPP_INFO[m[K(this->get_logger() "%d", button);
      |                                 [01;36m[K^~~~~~~~~~~[m[K
[01m[K/root/working/ros2_ws/src/joy_controller/src/my_joy.cpp:28:33:[m[K [01;31m[Kerror: [m[Kexpected primary-expression before â€˜[01m[K}[m[Kâ€™ token
   28 |                                 [01;31m[KRCLCPP_INFO[m[K(this->get_logger() "%d", button);
      |                                 [01;31m[K^~~~~~~~~~~[m[K
[01m[K/root/working/ros2_ws/src/joy_controller/src/my_joy.cpp:27:43:[m[K [01;35m[Kwarning: [m[Kunused variable â€˜[01m[Kbutton[m[Kâ€™ [[01;35m[K-Wunused-variable[m[K]
   27 |                         for (const auto & [01;35m[Kbutton[m[K : msg->buttons) {
      |                                           [01;35m[K^~~~~~[m[K
gmake[2]: *** [CMakeFiles/sub.dir/build.make:76: CMakeFiles/sub.dir/src/my_joy.cpp.o] Error 1
gmake[1]: *** [CMakeFiles/Makefile2:137: CMakeFiles/sub.dir/all] Error 2
gmake: *** [Makefile:146: all] Error 2
