[01m[K/root/test_ws/yano_ws/src/usb_camera/src/usb_camera.cpp:39:2:[m[K [01;31m[Kerror: [m[Kexpected â€˜[01m[K;[m[Kâ€™ after class definition
   39 | }
      |  [01;31m[K^[m[K
      |  [32m[K;[m[K
[01m[K/root/test_ws/yano_ws/src/usb_camera/src/usb_camera.cpp:[m[K In member function â€˜[01m[Kvoid USBCameraNode::captureFrame()[m[Kâ€™:
[01m[K/root/test_ws/yano_ws/src/usb_camera/src/usb_camera.cpp:30:38:[m[K [01;31m[Kerror: [m[Kâ€˜[01m[Kiamge_msg[m[Kâ€™ was not declared in this scope; did you mean â€˜[01m[Kimage_msg[m[Kâ€™?
   30 |                 image_pub_->publish(*[01;31m[Kiamge_msg[m[K);
      |                                      [01;31m[K^~~~~~~~~[m[K
      |                                      [32m[Kimage_msg[m[K
gmake[2]: *** [CMakeFiles/usb_camera.dir/build.make:76: CMakeFiles/usb_camera.dir/src/usb_camera.cpp.o] Error 1
gmake[1]: *** [CMakeFiles/Makefile2:137: CMakeFiles/usb_camera.dir/all] Error 2
gmake: *** [Makefile:146: all] Error 2
