[0.007s] Invoking command in '/root/test_ws/yano_ws/build/usb_camera': CMAKE_PREFIX_PATH=/opt/ros/humble /usr/bin/cmake --build /root/test_ws/yano_ws/build/usb_camera -- -j16 -l16
[0.030s] [35m[1mConsolidate compiler generated dependencies of target usb_camera[0m
[0.045s] [ 50%] [32mBuilding CXX object CMakeFiles/usb_camera.dir/src/usb_camera.cpp.o[0m
[1.630s] [01m[K/root/test_ws/yano_ws/src/usb_camera/src/usb_camera.cpp:39:2:[m[K [01;31m[Kerror: [m[Kexpected â€˜[01m[K;[m[Kâ€™ after class definition
[1.630s]    39 | }
[1.630s]       |  [01;31m[K^[m[K
[1.630s]       |  [32m[K;[m[K
[1.638s] [01m[K/root/test_ws/yano_ws/src/usb_camera/src/usb_camera.cpp:[m[K In member function â€˜[01m[Kvoid USBCameraNode::captureFrame()[m[Kâ€™:
[1.638s] [01m[K/root/test_ws/yano_ws/src/usb_camera/src/usb_camera.cpp:30:38:[m[K [01;31m[Kerror: [m[Kâ€˜[01m[Kiamge_msg[m[Kâ€™ was not declared in this scope; did you mean â€˜[01m[Kimage_msg[m[Kâ€™?
[1.638s]    30 |                 image_pub_->publish(*[01;31m[Kiamge_msg[m[K);
[1.638s]       |                                      [01;31m[K^~~~~~~~~[m[K
[1.638s]       |                                      [32m[Kimage_msg[m[K
[2.420s] gmake[2]: *** [CMakeFiles/usb_camera.dir/build.make:76: CMakeFiles/usb_camera.dir/src/usb_camera.cpp.o] Error 1
[2.420s] gmake[1]: *** [CMakeFiles/Makefile2:137: CMakeFiles/usb_camera.dir/all] Error 2
[2.420s] gmake: *** [Makefile:146: all] Error 2
[2.422s] Invoked command in '/root/test_ws/yano_ws/build/usb_camera' returned '2': CMAKE_PREFIX_PATH=/opt/ros/humble /usr/bin/cmake --build /root/test_ws/yano_ws/build/usb_camera -- -j16 -l16
