[0.006s] Invoking command in '/root/test_ws/yano_ws/build/usb_camera': CMAKE_PREFIX_PATH=/opt/ros/humble /usr/bin/cmake /root/test_ws/yano_ws/src/usb_camera -DCMAKE_INSTALL_PREFIX=/root/test_ws/yano_ws/install/usb_camera
[0.013s] -- Found ament_cmake: 1.3.11 (/opt/ros/humble/share/ament_cmake/cmake)
[0.094s] -- Found rclcpp: 16.0.11 (/opt/ros/humble/share/rclcpp/cmake)
[0.113s] -- Found rosidl_generator_c: 3.1.6 (/opt/ros/humble/share/rosidl_generator_c/cmake)
[0.115s] -- Found rosidl_adapter: 3.1.6 (/opt/ros/humble/share/rosidl_adapter/cmake)
[0.118s] -- Found rosidl_generator_cpp: 3.1.6 (/opt/ros/humble/share/rosidl_generator_cpp/cmake)
[0.123s] -- Using all available rosidl_typesupport_c: rosidl_typesupport_fastrtps_c;rosidl_typesupport_introspection_c
[0.131s] -- Using all available rosidl_typesupport_cpp: rosidl_typesupport_fastrtps_cpp;rosidl_typesupport_introspection_cpp
[0.159s] -- Found rmw_implementation_cmake: 6.1.2 (/opt/ros/humble/share/rmw_implementation_cmake/cmake)
[0.161s] -- Found rmw_fastrtps_cpp: 6.2.7 (/opt/ros/humble/share/rmw_fastrtps_cpp/cmake)
[0.208s] -- Found OpenSSL: /usr/lib/x86_64-linux-gnu/libcrypto.so (found version "3.0.2")  
[0.225s] -- Found FastRTPS: /opt/ros/humble/include  
[0.251s] -- Using RMW implementation 'rmw_fastrtps_cpp' as default
[0.258s] -- Looking for pthread.h
[0.304s] -- Looking for pthread.h - found
[0.304s] -- Performing Test CMAKE_HAVE_LIBC_PTHREAD
[0.361s] -- Performing Test CMAKE_HAVE_LIBC_PTHREAD - Success
[0.361s] -- Found Threads: TRUE  
[0.401s] -- Found sensor_msgs: 4.2.4 (/opt/ros/humble/share/sensor_msgs/cmake)
[0.418s] -- Found cv_bridge: 3.2.1 (/opt/ros/humble/share/cv_bridge/cmake)
[0.429s] -- Found ament_lint_auto: 0.12.11 (/opt/ros/humble/share/ament_lint_auto/cmake)
[0.481s] -- Added test 'cppcheck' to perform static code analysis on C / C++ code
[0.481s] -- Configured cppcheck include dirs: 
[0.481s] -- Configured cppcheck exclude dirs and/or files: 
[0.481s] -- Added test 'lint_cmake' to check CMake code style
[0.482s] -- Added test 'uncrustify' to check C / C++ code style
[0.482s] -- Configured uncrustify additional arguments: 
[0.482s] -- Added test 'xmllint' to check XML markup files
[0.483s] -- Configuring done
[0.490s] -- Generating done
[0.492s] -- Build files have been written to: /root/test_ws/yano_ws/build/usb_camera
[0.497s] Invoked command in '/root/test_ws/yano_ws/build/usb_camera' returned '0': CMAKE_PREFIX_PATH=/opt/ros/humble /usr/bin/cmake /root/test_ws/yano_ws/src/usb_camera -DCMAKE_INSTALL_PREFIX=/root/test_ws/yano_ws/install/usb_camera
[0.498s] Invoking command in '/root/test_ws/yano_ws/build/usb_camera': CMAKE_PREFIX_PATH=/opt/ros/humble /usr/bin/cmake --build /root/test_ws/yano_ws/build/usb_camera -- -j16 -l16
[0.525s] [ 50%] [32mBuilding CXX object CMakeFiles/usb_camera.dir/src/usb_camera.cpp.o[0m
[2.114s] [01m[K/root/test_ws/yano_ws/src/usb_camera/src/usb_camera.cpp:7:36:[m[K [01;31m[Kerror: [m[Kexpected class-name before â€˜[01m[K:[m[Kâ€™ token
[2.115s]     7 | class USBCameraNode : public rclcpp[01;31m[K:[m[KNode {
[2.115s]       |                                    [01;31m[K^[m[K
[2.115s] [01m[K/root/test_ws/yano_ws/src/usb_camera/src/usb_camera.cpp:7:36:[m[K [01;31m[Kerror: [m[Kexpected â€˜[01m[K{[m[Kâ€™ before â€˜[01m[K:[m[Kâ€™ token
[2.115s] [01m[K/root/test_ws/yano_ws/src/usb_camera/src/usb_camera.cpp:7:36:[m[K [01;31m[Kerror: [m[Kexpected unqualified-id before â€˜[01m[K:[m[Kâ€™ token
[2.116s] [01m[K/root/test_ws/yano_ws/src/usb_camera/src/usb_camera.cpp:[m[K In function â€˜[01m[Kint main(int, char**)[m[Kâ€™:
[2.116s] [01m[K/root/test_ws/yano_ws/src/usb_camera/src/usb_camera.cpp:44:17:[m[K [01;31m[Kerror: [m[Kno matching function for call to â€˜[01m[Kspin(std::shared_ptr<USBCameraNode>&)[m[Kâ€™
[2.116s]    44 |     [01;31m[Krclcpp::spin(node)[m[K;
[2.116s]       |     [01;31m[K~~~~~~~~~~~~^~~~~~[m[K
[2.116s] In file included from [01m[K/opt/ros/humble/include/rclcpp/rclcpp/rclcpp.hpp:155[m[K,
[2.116s]                  from [01m[K/root/test_ws/yano_ws/src/usb_camera/src/usb_camera.cpp:1[m[K:
[2.117s] [01m[K/opt/ros/humble/include/rclcpp/rclcpp/executors.hpp:45:1:[m[K [01;36m[Knote: [m[Kcandidate: â€˜[01m[Kvoid rclcpp::spin(rclcpp::node_interfaces::NodeBaseInterface::SharedPtr)[m[Kâ€™
[2.117s]    45 | [01;36m[Kspin[m[K(rclcpp::node_interfaces::NodeBaseInterface::SharedPtr node_ptr);
[2.117s]       | [01;36m[K^~~~[m[K
[2.117s] [01m[K/opt/ros/humble/include/rclcpp/rclcpp/executors.hpp:45:60:[m[K [01;36m[Knote: [m[K  no known conversion for argument 1 from â€˜[01m[Kshared_ptr<[01;32m[KUSBCameraNode[m[K>[m[Kâ€™ to â€˜[01m[Kshared_ptr<[01;32m[Krclcpp::node_interfaces::NodeBaseInterface[m[K>[m[Kâ€™
[2.117s]    45 | spin([01;36m[Krclcpp::node_interfaces::NodeBaseInterface::SharedPtr node_ptr[m[K);
[2.117s]       |      [01;36m[K~~~~~~~~~~~~~~~~~~~~~~~~~~~~~~~~~~~~~~~~~~~~~~~~~~~~~~^~~~~~~~[m[K
[2.117s] [01m[K/opt/ros/humble/include/rclcpp/rclcpp/executors.hpp:49:1:[m[K [01;36m[Knote: [m[Kcandidate: â€˜[01m[Kvoid rclcpp::spin(rclcpp::Node::SharedPtr)[m[Kâ€™
[2.117s]    49 | [01;36m[Kspin[m[K(rclcpp::Node::SharedPtr node_ptr);
[2.117s]       | [01;36m[K^~~~[m[K
[2.117s] [01m[K/opt/ros/humble/include/rclcpp/rclcpp/executors.hpp:49:30:[m[K [01;36m[Knote: [m[K  no known conversion for argument 1 from â€˜[01m[Kshared_ptr<[01;32m[KUSBCameraNode[m[K>[m[Kâ€™ to â€˜[01m[Kshared_ptr<[01;32m[Krclcpp::Node[m[K>[m[Kâ€™
[2.117s]    49 | spin([01;36m[Krclcpp::Node::SharedPtr node_ptr[m[K);
[2.117s]       |      [01;36m[K~~~~~~~~~~~~~~~~~~~~~~~~^~~~~~~~[m[K
[2.396s] In file included from [01m[K/usr/include/c++/11/bits/shared_ptr_base.h:60[m[K,
[2.396s]                  from [01m[K/usr/include/c++/11/bits/shared_ptr.h:53[m[K,
[2.396s]                  from [01m[K/usr/include/c++/11/memory:77[m[K,
[2.396s]                  from [01m[K/opt/ros/humble/include/rclcpp/rclcpp/rclcpp.hpp:153[m[K,
[2.396s]                  from [01m[K/root/test_ws/yano_ws/src/usb_camera/src/usb_camera.cpp:1[m[K:
[2.396s] /usr/include/c++/11/ext/aligned_buffer.h: In instantiation of â€˜[01m[Kstruct __gnu_cxx::__aligned_buffer<USBCameraNode>[m[Kâ€™:
[2.397s] [01m[K/usr/include/c++/11/bits/shared_ptr_base.h:506:35:[m[K   required from â€˜[01m[Kclass std::_Sp_counted_ptr_inplace<USBCameraNode, std::allocator<USBCameraNode>, __gnu_cxx::_S_atomic>::_Impl[m[Kâ€™
[2.397s] [01m[K/usr/include/c++/11/bits/shared_ptr_base.h:567:13:[m[K   required from â€˜[01m[Kclass std::_Sp_counted_ptr_inplace<USBCameraNode, std::allocator<USBCameraNode>, __gnu_cxx::_S_atomic>[m[Kâ€™
[2.397s] [01m[K/usr/include/c++/11/bits/shared_ptr_base.h:647:43:[m[K   required from â€˜[01m[Kstd::__shared_count<_Lp>::__shared_count(_Tp*&, std::_Sp_alloc_shared_tag<_Alloc>, _Args&& ...) [with _Tp = USBCameraNode; _Alloc = std::allocator<USBCameraNode>; _Args = {}; __gnu_cxx::_Lock_policy _Lp = __gnu_cxx::_S_atomic][m[Kâ€™
[2.397s] [01m[K/usr/include/c++/11/bits/shared_ptr_base.h:1342:14:[m[K   required from â€˜[01m[Kstd::__shared_ptr<_Tp, _Lp>::__shared_ptr(std::_Sp_alloc_shared_tag<_Tp>, _Args&& ...) [with _Alloc = std::allocator<USBCameraNode>; _Args = {}; _Tp = USBCameraNode; __gnu_cxx::_Lock_policy _Lp = __gnu_cxx::_S_atomic][m[Kâ€™
[2.397s] [01m[K/usr/include/c++/11/bits/shared_ptr.h:409:59:[m[K   required from â€˜[01m[Kstd::shared_ptr<_Tp>::shared_ptr(std::_Sp_alloc_shared_tag<_Tp>, _Args&& ...) [with _Alloc = std::allocator<USBCameraNode>; _Args = {}; _Tp = USBCameraNode][m[Kâ€™
[2.397s] [01m[K/usr/include/c++/11/bits/shared_ptr.h:862:14:[m[K   required from â€˜[01m[Kstd::shared_ptr<_Tp> std::allocate_shared(const _Alloc&, _Args&& ...) [with _Tp = USBCameraNode; _Alloc = std::allocator<USBCameraNode>; _Args = {}][m[Kâ€™
[2.397s] [01m[K/usr/include/c++/11/bits/shared_ptr.h:878:39:[m[K   required from â€˜[01m[Kstd::shared_ptr<_Tp> std::make_shared(_Args&& ...) [with _Tp = USBCameraNode; _Args = {}][m[Kâ€™
[2.397s] [01m[K/root/test_ws/yano_ws/src/usb_camera/src/usb_camera.cpp:43:48:[m[K   required from here
[2.397s] [01m[K/usr/include/c++/11/ext/aligned_buffer.h:91:28:[m[K [01;31m[Kerror: [m[Kinvalid application of â€˜[01m[Ksizeof[m[Kâ€™ to incomplete type â€˜[01m[KUSBCameraNode[m[Kâ€™
[2.397s]    91 |     : std::aligned_storage<[01;31m[Ksizeof(_Tp)[m[K, __alignof__(_Tp)>
[2.397s]       |                            [01;31m[K^~~~~~~~~~~[m[K
[2.397s] [01m[K/usr/include/c++/11/ext/aligned_buffer.h:91:28:[m[K [01;31m[Kerror: [m[Kinvalid application of â€˜[01m[Ksizeof[m[Kâ€™ to incomplete type â€˜[01m[KUSBCameraNode[m[Kâ€™
[2.535s] gmake[2]: *** [CMakeFiles/usb_camera.dir/build.make:76: CMakeFiles/usb_camera.dir/src/usb_camera.cpp.o] Error 1
[2.535s] gmake[1]: *** [CMakeFiles/Makefile2:137: CMakeFiles/usb_camera.dir/all] Error 2
[2.535s] gmake: *** [Makefile:146: all] Error 2
[2.537s] Invoked command in '/root/test_ws/yano_ws/build/usb_camera' returned '2': CMAKE_PREFIX_PATH=/opt/ros/humble /usr/bin/cmake --build /root/test_ws/yano_ws/build/usb_camera -- -j16 -l16
