[0.044s] Invoking command in '/home/tatsv/working/test_ws/yano_ws/build/usb_camera': CMAKE_PREFIX_PATH=${CMAKE_PREFIX_PATH}:/opt/ros/humble /usr/bin/cmake --build /home/tatsv/working/test_ws/yano_ws/build/usb_camera -- -j12 -l12
[0.130s] [ 50%] [32mBuilding CXX object CMakeFiles/usb_camera.dir/src/usb_camera.cpp.o[0m
[0.502s] [01m[K/home/tatsv/working/test_ws/yano_ws/src/usb_camera/src/usb_camera.cpp:3:10:[m[K [01;31m[Kfatal error: [m[Kcv_bridge/cv_bridge.hpp: No such file or directory
[0.502s]     3 | #include [01;31m[K<cv_bridge/cv_bridge.hpp>[m[K
[0.503s]       |          [01;31m[K^~~~~~~~~~~~~~~~~~~~~~~~~[m[K
[0.503s] compilation terminated.
[0.568s] gmake[2]: *** [CMakeFiles/usb_camera.dir/build.make:76: CMakeFiles/usb_camera.dir/src/usb_camera.cpp.o] Error 1
[0.569s] gmake[1]: *** [CMakeFiles/Makefile2:137: CMakeFiles/usb_camera.dir/all] Error 2
[0.569s] gmake: *** [Makefile:146: all] Error 2
[0.575s] Invoked command in '/home/tatsv/working/test_ws/yano_ws/build/usb_camera' returned '2': CMAKE_PREFIX_PATH=${CMAKE_PREFIX_PATH}:/opt/ros/humble /usr/bin/cmake --build /home/tatsv/working/test_ws/yano_ws/build/usb_camera -- -j12 -l12
