[01m[K/root/working/rodep_ros2/yano_ws/src/driver/src/driver.cpp:[m[K In constructor â€˜[01m[KDriver::Driver()[m[Kâ€™:
[01m[K/root/working/rodep_ros2/yano_ws/src/driver/src/driver.cpp:86:71:[m[K [01;31m[Kerror: [m[Kâ€˜[01m[K_1[m[Kâ€™ was not declared in this scope; did you mean â€˜[01m[Kstd::placeholders::_1[m[Kâ€™?
   86 |             "/cmd_vel", 10, std::bind(&Driver::driver_callback, this, [01;31m[K_1[m[K));
      |                                                                       [01;31m[K^~[m[K
      |                                                                       [32m[Kstd::placeholders::_1[m[K
In file included from [01m[K/usr/include/boost/system/error_code.hpp:19[m[K,
                 from [01m[K/usr/include/boost/asio/detail/throw_error.hpp:19[m[K,
                 from [01m[K/usr/include/boost/asio/detail/impl/posix_event.ipp:23[m[K,
                 from [01m[K/usr/include/boost/asio/detail/posix_event.hpp:172[m[K,
                 from [01m[K/usr/include/boost/asio/detail/event.hpp:25[m[K,
                 from [01m[K/usr/include/boost/asio/execution/blocking_adaptation.hpp:19[m[K,
                 from [01m[K/usr/include/boost/asio/execution.hpp:22[m[K,
                 from [01m[K/usr/include/boost/asio/system_executor.hpp:20[m[K,
                 from [01m[K/usr/include/boost/asio/associated_executor.hpp:22[m[K,
                 from [01m[K/usr/include/boost/asio.hpp:21[m[K,
                 from [01m[K/root/working/rodep_ros2/yano_ws/src/driver/src/driver.cpp:5[m[K:
[01m[K/usr/include/c++/11/functional:225:34:[m[K [01;36m[Knote: [m[Kâ€˜[01m[Kstd::placeholders::_1[m[Kâ€™ declared here
  225 |     extern const _Placeholder<1> [01;36m[K_1[m[K;
      |                                  [01;36m[K^~[m[K
gmake[2]: *** [CMakeFiles/driver_node.dir/build.make:76: CMakeFiles/driver_node.dir/src/driver.cpp.o] Error 1
gmake[1]: *** [CMakeFiles/Makefile2:137: CMakeFiles/driver_node.dir/all] Error 2
gmake: *** [Makefile:146: all] Error 2
