[0.027s] Invoking command in '/root/working/rodep_ros2/yano_ws/build/driver': CMAKE_PREFIX_PATH=/opt/ros/humble /usr/bin/cmake --build /root/working/rodep_ros2/yano_ws/build/driver -- -j4 -l4
[0.061s] -- Found ament_cmake: 1.3.11 (/opt/ros/humble/share/ament_cmake/cmake)
[0.236s] -- Found rclcpp: 16.0.11 (/opt/ros/humble/share/rclcpp/cmake)
[0.309s] -- Found rosidl_generator_c: 3.1.6 (/opt/ros/humble/share/rosidl_generator_c/cmake)
[0.320s] -- Found rosidl_adapter: 3.1.6 (/opt/ros/humble/share/rosidl_adapter/cmake)
[0.335s] -- Found rosidl_generator_cpp: 3.1.6 (/opt/ros/humble/share/rosidl_generator_cpp/cmake)
[0.354s] -- Using all available rosidl_typesupport_c: rosidl_typesupport_fastrtps_c;rosidl_typesupport_introspection_c
[0.381s] -- Using all available rosidl_typesupport_cpp: rosidl_typesupport_fastrtps_cpp;rosidl_typesupport_introspection_cpp
[0.456s] -- Found rmw_implementation_cmake: 6.1.2 (/opt/ros/humble/share/rmw_implementation_cmake/cmake)
[0.462s] -- Found rmw_fastrtps_cpp: 6.2.7 (/opt/ros/humble/share/rmw_fastrtps_cpp/cmake)
[0.582s] -- Found OpenSSL: /usr/lib/x86_64-linux-gnu/libcrypto.so (found version "3.0.2")  
[0.626s] -- Found FastRTPS: /opt/ros/humble/include  
[0.686s] -- Using RMW implementation 'rmw_fastrtps_cpp' as default
[0.707s] -- Looking for pthread.h
[0.799s] -- Looking for pthread.h - found
[0.799s] -- Performing Test CMAKE_HAVE_LIBC_PTHREAD
[0.903s] -- Performing Test CMAKE_HAVE_LIBC_PTHREAD - Success
[0.906s] -- Found Threads: TRUE  
[0.985s] -- Found geometry_msgs: 4.2.4 (/opt/ros/humble/share/geometry_msgs/cmake)
[1.003s] -- Found ament_lint_auto: 0.12.11 (/opt/ros/humble/share/ament_lint_auto/cmake)
[1.089s] -- Added test 'cppcheck' to perform static code analysis on C / C++ code
[1.089s] -- Configured cppcheck include dirs: 
[1.089s] -- Configured cppcheck exclude dirs and/or files: 
[1.090s] -- Added test 'lint_cmake' to check CMake code style
[1.092s] -- Added test 'uncrustify' to check C / C++ code style
[1.092s] -- Configured uncrustify additional arguments: 
[1.092s] -- Added test 'xmllint' to check XML markup files
[1.094s] -- Configuring done
[1.110s] -- Generating done
[1.115s] -- Build files have been written to: /root/working/rodep_ros2/yano_ws/build/driver
[1.158s] [ 50%] [32mBuilding CXX object CMakeFiles/driver_node.dir/src/driver.cpp.o[0m
[5.227s] [01m[K/root/working/rodep_ros2/yano_ws/src/driver/src/driver.cpp:[m[K In constructor â€˜[01m[KDriver::Driver()[m[Kâ€™:
[5.227s] [01m[K/root/working/rodep_ros2/yano_ws/src/driver/src/driver.cpp:86:71:[m[K [01;31m[Kerror: [m[Kâ€˜[01m[K_1[m[Kâ€™ was not declared in this scope; did you mean â€˜[01m[Kstd::placeholders::_1[m[Kâ€™?
[5.227s]    86 |             "/cmd_vel", 10, std::bind(&Driver::driver_callback, this, [01;31m[K_1[m[K));
[5.227s]       |                                                                       [01;31m[K^~[m[K
[5.227s]       |                                                                       [32m[Kstd::placeholders::_1[m[K
[5.228s] In file included from [01m[K/usr/include/boost/system/error_code.hpp:19[m[K,
[5.228s]                  from [01m[K/usr/include/boost/asio/detail/throw_error.hpp:19[m[K,
[5.228s]                  from [01m[K/usr/include/boost/asio/detail/impl/posix_event.ipp:23[m[K,
[5.228s]                  from [01m[K/usr/include/boost/asio/detail/posix_event.hpp:172[m[K,
[5.228s]                  from [01m[K/usr/include/boost/asio/detail/event.hpp:25[m[K,
[5.228s]                  from [01m[K/usr/include/boost/asio/execution/blocking_adaptation.hpp:19[m[K,
[5.228s]                  from [01m[K/usr/include/boost/asio/execution.hpp:22[m[K,
[5.228s]                  from [01m[K/usr/include/boost/asio/system_executor.hpp:20[m[K,
[5.228s]                  from [01m[K/usr/include/boost/asio/associated_executor.hpp:22[m[K,
[5.228s]                  from [01m[K/usr/include/boost/asio.hpp:21[m[K,
[5.228s]                  from [01m[K/root/working/rodep_ros2/yano_ws/src/driver/src/driver.cpp:5[m[K:
[5.228s] [01m[K/usr/include/c++/11/functional:225:34:[m[K [01;36m[Knote: [m[Kâ€˜[01m[Kstd::placeholders::_1[m[Kâ€™ declared here
[5.228s]   225 |     extern const _Placeholder<1> [01;36m[K_1[m[K;
[5.228s]       |                                  [01;36m[K^~[m[K
[6.372s] gmake[2]: *** [CMakeFiles/driver_node.dir/build.make:76: CMakeFiles/driver_node.dir/src/driver.cpp.o] Error 1
[6.372s] gmake[1]: *** [CMakeFiles/Makefile2:137: CMakeFiles/driver_node.dir/all] Error 2
[6.372s] gmake: *** [Makefile:146: all] Error 2
[6.375s] Invoked command in '/root/working/rodep_ros2/yano_ws/build/driver' returned '2': CMAKE_PREFIX_PATH=/opt/ros/humble /usr/bin/cmake --build /root/working/rodep_ros2/yano_ws/build/driver -- -j4 -l4
