[0.015s] Invoking command in '/root/working/rodep_ros2/yano_ws/build/operator': /usr/bin/cmake --build /root/working/rodep_ros2/yano_ws/build/operator -- -j4 -l4
[0.048s] -- Found ament_cmake: 1.3.11 (/opt/ros/humble/share/ament_cmake/cmake)
[0.149s] Traceback (most recent call last):
[0.149s]   File "/opt/ros/humble/share/ament_cmake_core/cmake/package_templates/templates_2_cmake.py", line 21, in <module>
[0.149s]     from ament_package.templates import get_environment_hook_template_path
[0.149s] ModuleNotFoundError: No module named 'ament_package'
[0.153s] [31mCMake Error at /opt/ros/humble/share/ament_cmake_core/cmake/ament_cmake_package_templates-extras.cmake:41 (message):
[0.153s]   execute_process(/usr/bin/python3
[0.153s]   /opt/ros/humble/share/ament_cmake_core/cmake/package_templates/templates_2_cmake.py
[0.154s]   /root/working/rodep_ros2/yano_ws/build/operator/ament_cmake_package_templates/templates.cmake)
[0.154s]   returned error code 1
[0.154s] Call Stack (most recent call first):
[0.155s]   /opt/ros/humble/share/ament_cmake_core/cmake/ament_cmake_coreConfig.cmake:41 (include)
[0.155s]   /opt/ros/humble/share/ament_cmake/cmake/ament_cmake_export_dependencies-extras.cmake:15 (find_package)
[0.155s]   /opt/ros/humble/share/ament_cmake/cmake/ament_cmakeConfig.cmake:41 (include)
[0.155s]   CMakeLists.txt:9 (find_package)
[0.156s] 
[0.156s] [0m
[0.156s] -- Configuring incomplete, errors occurred!
[0.157s] See also "/root/working/rodep_ros2/yano_ws/build/operator/CMakeFiles/CMakeOutput.log".
[0.158s] gmake: *** [Makefile:267: cmake_check_build_system] Error 1
