[0.000000] (-) TimerEvent: {}
[0.000296] (driver) JobQueued: {'identifier': 'driver', 'dependencies': OrderedDict()}
[0.000360] (operator) JobQueued: {'identifier': 'operator', 'dependencies': OrderedDict()}
[0.000409] (driver) JobStarted: {'identifier': 'driver'}
[0.008118] (operator) JobStarted: {'identifier': 'operator'}
[0.014099] (driver) JobProgress: {'identifier': 'driver', 'progress': 'cmake'}
[0.015021] (driver) JobProgress: {'identifier': 'driver', 'progress': 'build'}
[0.015929] (driver) Command: {'cmd': ['/usr/bin/cmake', '--build', '/root/working/rodep_ros2/yano_ws/build/driver', '--', '-j4', '-l4'], 'cwd': '/root/working/rodep_ros2/yano_ws/build/driver', 'env': OrderedDict([('LESSOPEN', '| /usr/bin/lesspipe %s'), ('USER', 'root'), ('HOSTNAME', 'cf33789d9224'), ('SHLVL', '2'), ('HOME', '/root'), ('ROS_DISTRO', 'humble'), ('TERM', 'xterm'), ('PATH', '/usr/local/sbin:/usr/local/bin:/usr/sbin:/usr/bin:/sbin:/bin'), ('LANG', 'C.UTF-8'), ('LS_COLORS', 'rs=0:di=01;34:ln=01;36:mh=00:pi=40;33:so=01;35:do=01;35:bd=40;33;01:cd=40;33;01:or=40;31;01:mi=00:su=37;41:sg=30;43:ca=30;41:tw=30;42:ow=34;42:st=37;44:ex=01;32:*.tar=01;31:*.tgz=01;31:*.arc=01;31:*.arj=01;31:*.taz=01;31:*.lha=01;31:*.lz4=01;31:*.lzh=01;31:*.lzma=01;31:*.tlz=01;31:*.txz=01;31:*.tzo=01;31:*.t7z=01;31:*.zip=01;31:*.z=01;31:*.dz=01;31:*.gz=01;31:*.lrz=01;31:*.lz=01;31:*.lzo=01;31:*.xz=01;31:*.zst=01;31:*.tzst=01;31:*.bz2=01;31:*.bz=01;31:*.tbz=01;31:*.tbz2=01;31:*.tz=01;31:*.deb=01;31:*.rpm=01;31:*.jar=01;31:*.war=01;31:*.ear=01;31:*.sar=01;31:*.rar=01;31:*.alz=01;31:*.ace=01;31:*.zoo=01;31:*.cpio=01;31:*.7z=01;31:*.rz=01;31:*.cab=01;31:*.wim=01;31:*.swm=01;31:*.dwm=01;31:*.esd=01;31:*.jpg=01;35:*.jpeg=01;35:*.mjpg=01;35:*.mjpeg=01;35:*.gif=01;35:*.bmp=01;35:*.pbm=01;35:*.pgm=01;35:*.ppm=01;35:*.tga=01;35:*.xbm=01;35:*.xpm=01;35:*.tif=01;35:*.tiff=01;35:*.png=01;35:*.svg=01;35:*.svgz=01;35:*.mng=01;35:*.pcx=01;35:*.mov=01;35:*.mpg=01;35:*.mpeg=01;35:*.m2v=01;35:*.mkv=01;35:*.webm=01;35:*.webp=01;35:*.ogm=01;35:*.mp4=01;35:*.m4v=01;35:*.mp4v=01;35:*.vob=01;35:*.qt=01;35:*.nuv=01;35:*.wmv=01;35:*.asf=01;35:*.rm=01;35:*.rmvb=01;35:*.flc=01;35:*.avi=01;35:*.fli=01;35:*.flv=01;35:*.gl=01;35:*.dl=01;35:*.xcf=01;35:*.xwd=01;35:*.yuv=01;35:*.cgm=01;35:*.emf=01;35:*.ogv=01;35:*.ogx=01;35:*.aac=00;36:*.au=00;36:*.flac=00;36:*.m4a=00;36:*.mid=00;36:*.midi=00;36:*.mka=00;36:*.mp3=00;36:*.mpc=00;36:*.ogg=00;36:*.ra=00;36:*.wav=00;36:*.oga=00;36:*.opus=00;36:*.spx=00;36:*.xspf=00;36:'), ('LESSCLOSE', '/usr/bin/lesspipe %s %s'), ('PWD', '/root/working/rodep_ros2/yano_ws/build/driver'), ('LC_ALL', 'C.UTF-8'), ('COLCON', '1')]), 'shell': False}
[0.021161] (operator) JobProgress: {'identifier': 'operator', 'progress': 'cmake'}
[0.022097] (operator) JobProgress: {'identifier': 'operator', 'progress': 'build'}
[0.022610] (operator) Command: {'cmd': ['/usr/bin/cmake', '--build', '/root/working/rodep_ros2/yano_ws/build/operator', '--', '-j4', '-l4'], 'cwd': '/root/working/rodep_ros2/yano_ws/build/operator', 'env': OrderedDict([('LESSOPEN', '| /usr/bin/lesspipe %s'), ('USER', 'root'), ('HOSTNAME', 'cf33789d9224'), ('SHLVL', '2'), ('HOME', '/root'), ('ROS_DISTRO', 'humble'), ('TERM', 'xterm'), ('PATH', '/usr/local/sbin:/usr/local/bin:/usr/sbin:/usr/bin:/sbin:/bin'), ('LANG', 'C.UTF-8'), ('LS_COLORS', 'rs=0:di=01;34:ln=01;36:mh=00:pi=40;33:so=01;35:do=01;35:bd=40;33;01:cd=40;33;01:or=40;31;01:mi=00:su=37;41:sg=30;43:ca=30;41:tw=30;42:ow=34;42:st=37;44:ex=01;32:*.tar=01;31:*.tgz=01;31:*.arc=01;31:*.arj=01;31:*.taz=01;31:*.lha=01;31:*.lz4=01;31:*.lzh=01;31:*.lzma=01;31:*.tlz=01;31:*.txz=01;31:*.tzo=01;31:*.t7z=01;31:*.zip=01;31:*.z=01;31:*.dz=01;31:*.gz=01;31:*.lrz=01;31:*.lz=01;31:*.lzo=01;31:*.xz=01;31:*.zst=01;31:*.tzst=01;31:*.bz2=01;31:*.bz=01;31:*.tbz=01;31:*.tbz2=01;31:*.tz=01;31:*.deb=01;31:*.rpm=01;31:*.jar=01;31:*.war=01;31:*.ear=01;31:*.sar=01;31:*.rar=01;31:*.alz=01;31:*.ace=01;31:*.zoo=01;31:*.cpio=01;31:*.7z=01;31:*.rz=01;31:*.cab=01;31:*.wim=01;31:*.swm=01;31:*.dwm=01;31:*.esd=01;31:*.jpg=01;35:*.jpeg=01;35:*.mjpg=01;35:*.mjpeg=01;35:*.gif=01;35:*.bmp=01;35:*.pbm=01;35:*.pgm=01;35:*.ppm=01;35:*.tga=01;35:*.xbm=01;35:*.xpm=01;35:*.tif=01;35:*.tiff=01;35:*.png=01;35:*.svg=01;35:*.svgz=01;35:*.mng=01;35:*.pcx=01;35:*.mov=01;35:*.mpg=01;35:*.mpeg=01;35:*.m2v=01;35:*.mkv=01;35:*.webm=01;35:*.webp=01;35:*.ogm=01;35:*.mp4=01;35:*.m4v=01;35:*.mp4v=01;35:*.vob=01;35:*.qt=01;35:*.nuv=01;35:*.wmv=01;35:*.asf=01;35:*.rm=01;35:*.rmvb=01;35:*.flc=01;35:*.avi=01;35:*.fli=01;35:*.flv=01;35:*.gl=01;35:*.dl=01;35:*.xcf=01;35:*.xwd=01;35:*.yuv=01;35:*.cgm=01;35:*.emf=01;35:*.ogv=01;35:*.ogx=01;35:*.aac=00;36:*.au=00;36:*.flac=00;36:*.m4a=00;36:*.mid=00;36:*.midi=00;36:*.mka=00;36:*.mp3=00;36:*.mpc=00;36:*.ogg=00;36:*.ra=00;36:*.wav=00;36:*.oga=00;36:*.opus=00;36:*.spx=00;36:*.xspf=00;36:'), ('LESSCLOSE', '/usr/bin/lesspipe %s %s'), ('PWD', '/root/working/rodep_ros2/yano_ws/build/operator'), ('LC_ALL', 'C.UTF-8'), ('COLCON', '1')]), 'shell': False}
[0.050331] (driver) StdoutLine: {'line': b'-- Found ament_cmake: 1.3.11 (/opt/ros/humble/share/ament_cmake/cmake)\n'}
[0.057966] (operator) StdoutLine: {'line': b'-- Found ament_cmake: 1.3.11 (/opt/ros/humble/share/ament_cmake/cmake)\n'}
[0.098886] (-) TimerEvent: {}
[0.146508] (driver) StderrLine: {'line': b'Traceback (most recent call last):\n'}
[0.146798] (driver) StderrLine: {'line': b'  File "/opt/ros/humble/share/ament_cmake_core/cmake/package_templates/templates_2_cmake.py", line 21, in <module>\n'}
[0.146936] (driver) StderrLine: {'line': b'    from ament_package.templates import get_environment_hook_template_path\n'}
[0.147050] (driver) StderrLine: {'line': b"ModuleNotFoundError: No module named 'ament_package'\n"}
[0.150894] (driver) StderrLine: {'line': b'\x1b[31mCMake Error at /opt/ros/humble/share/ament_cmake_core/cmake/ament_cmake_package_templates-extras.cmake:41 (message):\n'}
[0.151146] (driver) StderrLine: {'line': b'  execute_process(/usr/bin/python3\n'}
[0.151286] (driver) StderrLine: {'line': b'  /opt/ros/humble/share/ament_cmake_core/cmake/package_templates/templates_2_cmake.py\n'}
[0.151440] (driver) StderrLine: {'line': b'  /root/working/rodep_ros2/yano_ws/build/driver/ament_cmake_package_templates/templates.cmake)\n'}
[0.151579] (driver) StderrLine: {'line': b'  returned error code 1\n'}
[0.151709] (driver) StderrLine: {'line': b'Call Stack (most recent call first):\n'}
[0.151933] (driver) StderrLine: {'line': b'  /opt/ros/humble/share/ament_cmake_core/cmake/ament_cmake_coreConfig.cmake:41 (include)\n'}
[0.152056] (driver) StderrLine: {'line': b'  /opt/ros/humble/share/ament_cmake/cmake/ament_cmake_export_dependencies-extras.cmake:15 (find_package)\n'}
[0.152163] (driver) StderrLine: {'line': b'  /opt/ros/humble/share/ament_cmake/cmake/ament_cmakeConfig.cmake:41 (include)\n'}
[0.152282] (driver) StderrLine: {'line': b'  CMakeLists.txt:9 (find_package)\n'}
[0.152404] (driver) StderrLine: {'line': b'\n'}
[0.152520] (driver) StderrLine: {'line': b'\x1b[0m\n'}
[0.152629] (driver) StdoutLine: {'line': b'-- Configuring incomplete, errors occurred!\n'}
[0.152751] (driver) StdoutLine: {'line': b'See also "/root/working/rodep_ros2/yano_ws/build/driver/CMakeFiles/CMakeOutput.log".\n'}
[0.154703] (driver) StderrLine: {'line': b'gmake: *** [Makefile:226: cmake_check_build_system] Error 1\n'}
[0.157400] (driver) CommandEnded: {'returncode': 2}
[0.158589] (operator) StderrLine: {'line': b'Traceback (most recent call last):\n'}
[0.158868] (operator) StderrLine: {'line': b'  File "/opt/ros/humble/share/ament_cmake_core/cmake/package_templates/templates_2_cmake.py", line 21, in <module>\n'}
[0.159019] (operator) StderrLine: {'line': b'    from ament_package.templates import get_environment_hook_template_path\n'}
[0.159166] (operator) StderrLine: {'line': b"ModuleNotFoundError: No module named 'ament_package'\n"}
[0.162552] (operator) StderrLine: {'line': b'\x1b[31mCMake Error at /opt/ros/humble/share/ament_cmake_core/cmake/ament_cmake_package_templates-extras.cmake:41 (message):\n'}
[0.162930] (operator) StderrLine: {'line': b'  execute_process(/usr/bin/python3\n'}
[0.163082] (operator) StderrLine: {'line': b'  /opt/ros/humble/share/ament_cmake_core/cmake/package_templates/templates_2_cmake.py\n'}
[0.163235] (operator) StderrLine: {'line': b'  /root/working/rodep_ros2/yano_ws/build/operator/ament_cmake_package_templates/templates.cmake)\n'}
[0.163626] (operator) StderrLine: {'line': b'  returned error code 1\n'}
[0.164039] (operator) StderrLine: {'line': b'Call Stack (most recent call first):\n'}
[0.164264] (operator) StderrLine: {'line': b'  /opt/ros/humble/share/ament_cmake_core/cmake/ament_cmake_coreConfig.cmake:41 (include)\n'}
[0.164601] (operator) StderrLine: {'line': b'  /opt/ros/humble/share/ament_cmake/cmake/ament_cmake_export_dependencies-extras.cmake:15 (find_package)\n'}
[0.164866] (operator) StderrLine: {'line': b'  /opt/ros/humble/share/ament_cmake/cmake/ament_cmakeConfig.cmake:41 (include)\n'}
[0.165134] (operator) StderrLine: {'line': b'  CMakeLists.txt:9 (find_package)\n'}
[0.165371] (operator) StderrLine: {'line': b'\n'}
[0.165677] (operator) StderrLine: {'line': b'\x1b[0m\n'}
[0.165928] (operator) StdoutLine: {'line': b'-- Configuring incomplete, errors occurred!\n'}
[0.166154] (operator) StdoutLine: {'line': b'See also "/root/working/rodep_ros2/yano_ws/build/operator/CMakeFiles/CMakeOutput.log".\n'}
[0.167929] (operator) StderrLine: {'line': b'gmake: *** [Makefile:267: cmake_check_build_system] Error 1\n'}
[0.180756] (driver) JobEnded: {'identifier': 'driver', 'rc': 2}
[0.182180] (operator) JobEnded: {'identifier': 'operator', 'rc': 'SIGINT'}
[0.192838] (-) EventReactorShutdown: {}
