[01m[K/root/working/test_ws/yano_ws/src/flipper_driver/src/flipper_driver.cpp:3:10:[m[K [01;31m[Kfatal error: [m[Kstd_msgs/msg/bool.hpp: No such file or directory
    3 | #include [01;31m[K<std_msgs/msg/bool.hpp>[m[K
      |          [01;31m[K^~~~~~~~~~~~~~~~~~~~~~~[m[K
compilation terminated.
gmake[2]: *** [CMakeFiles/flipper_driver_node.dir/build.make:76: CMakeFiles/flipper_driver_node.dir/src/flipper_driver.cpp.o] Error 1
gmake[1]: *** [CMakeFiles/Makefile2:137: CMakeFiles/flipper_driver_node.dir/all] Error 2
gmake: *** [Makefile:146: all] Error 2
