[01m[K/root/test_ws/yano_ws/src/usb_camera/src/usb_camera.cpp:39:2:[m[K [01;31m[Kerror: [m[Kexpected â€˜[01m[K;[m[Kâ€™ after class definition
   39 | }
      |  [01;31m[K^[m[K
      |  [32m[K;[m[K
gmake[2]: *** [CMakeFiles/usb_camera.dir/build.make:76: CMakeFiles/usb_camera.dir/src/usb_camera.cpp.o] Error 1
gmake[1]: *** [CMakeFiles/Makefile2:137: CMakeFiles/usb_camera.dir/all] Error 2
gmake: *** [Makefile:146: all] Error 2
