[35m[1mConsolidate compiler generated dependencies of target joy_controller__rosidl_generator_c[0m
[  3%] Built target joy_controller__cpp
[ 12%] Built target joy_controller__rosidl_generator_c
[ 15%] [32mBuilding CXX object CMakeFiles/sub.dir/src/my_joy.cpp.o[0m
[35m[1mConsolidate compiler generated dependencies of target joy_controller__rosidl_typesupport_cpp[0m
[35m[1mConsolidate compiler generated dependencies of target joy_controller__rosidl_typesupport_fastrtps_cpp[0m
[ 15%] Built target ament_cmake_python_copy_joy_controller
[ 24%] Built target joy_controller__rosidl_typesupport_cpp
[35m[1mConsolidate compiler generated dependencies of target joy_controller__rosidl_typesupport_introspection_c[0m
[ 33%] Built target joy_controller__rosidl_typesupport_fastrtps_cpp
[35m[1mConsolidate compiler generated dependencies of target joy_controller__rosidl_typesupport_c[0m
[35m[1mConsolidate compiler generated dependencies of target joy_controller__rosidl_typesupport_introspection_cpp[0m
[ 42%] Built target joy_controller__rosidl_typesupport_introspection_c
[ 51%] Built target joy_controller__rosidl_typesupport_c
[35m[1mConsolidate compiler generated dependencies of target joy_controller__rosidl_typesupport_fastrtps_c[0m
[ 60%] Built target joy_controller__rosidl_typesupport_introspection_cpp
[ 69%] Built target joy_controller__rosidl_typesupport_fastrtps_c
[ 69%] Built target joy_controller
[ 72%] Built target joy_controller__py
[35m[1mConsolidate compiler generated dependencies of target joy_controller__rosidl_generator_py[0m
[ 78%] Built target joy_controller__rosidl_generator_py
[35m[1mConsolidate compiler generated dependencies of target joy_controller__rosidl_typesupport_fastrtps_c__pyext[0m
[35m[1mConsolidate compiler generated dependencies of target joy_controller__rosidl_typesupport_introspection_c__pyext[0m
[ 84%] Built target joy_controller__rosidl_typesupport_introspection_c__pyext
[ 90%] Built target joy_controller__rosidl_typesupport_fastrtps_c__pyext
[35m[1mConsolidate compiler generated dependencies of target joy_controller__rosidl_typesupport_c__pyext[0m
[ 96%] Built target joy_controller__rosidl_typesupport_c__pyext
running egg_info
writing joy_controller.egg-info/PKG-INFO
writing dependency_links to joy_controller.egg-info/dependency_links.txt
writing top-level names to joy_controller.egg-info/top_level.txt
reading manifest file 'joy_controller.egg-info/SOURCES.txt'
writing manifest file 'joy_controller.egg-info/SOURCES.txt'
[ 96%] Built target ament_cmake_python_build_joy_controller_egg
[01m[K/root/working/ros2_ws/src/joy_controller/src/my_joy.cpp:[m[K In member function â€˜[01m[Kvoid Roboclaw::Open()[m[Kâ€™:
[01m[K/root/working/ros2_ws/src/joy_controller/src/my_joy.cpp:61:34:[m[K [01;31m[Kerror: [m[Kâ€˜[01m[Kboost::asio::serial_port[m[Kâ€™ {aka â€˜[01m[Kclass boost::asio::basic_serial_port<>[m[Kâ€™} has no member named â€˜[01m[Kget_io_service[m[Kâ€™
   61 |             serial_.open(serial_.[01;31m[Kget_io_service[m[K().run());
      |                                  [01;31m[K^~~~~~~~~~~~~~[m[K
[01m[K/root/working/ros2_ws/src/joy_controller/src/my_joy.cpp:[m[K In constructor â€˜[01m[KMaxonCtl::MaxonCtl()[m[Kâ€™:
[01m[K/root/working/ros2_ws/src/joy_controller/src/my_joy.cpp:134:60:[m[K [01;31m[Kerror: [m[Kreference to â€˜[01m[Kplaceholders[m[Kâ€™ is ambiguous
  134 |       "/joy", 10, bind(&MaxonCtl::joyCallback, this, [01;31m[Kplaceholders[m[K::_1)
      |                                                      [01;31m[K^~~~~~~~~~~~[m[K

In file included from [01m[K/usr/include/boost/asio.hpp:135[m[K,
                 from [01m[K/root/working/ros2_ws/src/joy_controller/src/my_joy.cpp:1[m[K:
[01m[K/usr/include/boost/asio/placeholders.hpp:28:11:[m[K [01;36m[Knote: [m[Kcandidates are: â€˜[01m[Knamespace boost::asio::placeholders { }[m[Kâ€™
   28 | namespace [01;36m[Kplaceholders[m[K {
      |           [01;36m[K^~~~~~~~~~~~[m[K
In file included from [01m[K/usr/include/boost/system/error_code.hpp:19[m[K,
                 from [01m[K/usr/include/boost/asio/detail/throw_error.hpp:19[m[K,
                 from [01m[K/usr/include/boost/asio/detail/impl/posix_event.ipp:23[m[K,
                 from [01m[K/usr/include/boost/asio/detail/posix_event.hpp:172[m[K,
                 from [01m[K/usr/include/boost/asio/detail/event.hpp:25[m[K,
                 from [01m[K/usr/include/boost/asio/execution/blocking_adaptation.hpp:19[m[K,
                 from [01m[K/usr/include/boost/asio/execution.hpp:22[m[K,
                 from [01m[K/usr/include/boost/asio/system_executor.hpp:20[m[K,
                 from [01m[K/usr/include/boost/asio/associated_executor.hpp:22[m[K,
                 from [01m[K/usr/include/boost/asio.hpp:21[m[K,
                 from [01m[K/root/working/ros2_ws/src/joy_controller/src/my_joy.cpp:1[m[K:
[01m[K/usr/include/c++/11/functional:219:13:[m[K [01;36m[Knote: [m[K                â€˜[01m[Knamespace std::placeholders { }[m[Kâ€™
  219 |   namespace [01;36m[Kplaceholders[m[K
      |             [01;36m[K^~~~~~~~~~~~[m[K
[01m[K/root/working/ros2_ws/src/joy_controller/src/my_joy.cpp:[m[K In member function â€˜[01m[Kvoid MaxonCtl::joyCallback(sensor_msgs::msg::Joy_<std::allocator<void> >::SharedPtr)[m[Kâ€™:
[01m[K/root/working/ros2_ws/src/joy_controller/src/my_joy.cpp:152:13:[m[K [01;31m[Kerror: [m[Kâ€˜[01m[KvelM1[m[Kâ€™ was not declared in this scope
  152 |             [01;31m[KvelM1[m[K = 1000;
      |             [01;31m[K^~~~~[m[K
[01m[K/root/working/ros2_ws/src/joy_controller/src/my_joy.cpp:155:13:[m[K [01;31m[Kerror: [m[Kâ€˜[01m[KvelM2[m[Kâ€™ was not declared in this scope
  155 |             [01;31m[KvelM2[m[K = 1000;
      |             [01;31m[K^~~~~[m[K
[01m[K/root/working/ros2_ws/src/joy_controller/src/my_joy.cpp:158:29:[m[K [01;31m[Kerror: [m[Kâ€˜[01m[KvelM1[m[Kâ€™ was not declared in this scope
  158 |         roboclaw_.SpeedM1M2([01;31m[KvelM1[m[K, velM2);
      |                             [01;31m[K^~~~~[m[K
[01m[K/root/working/ros2_ws/src/joy_controller/src/my_joy.cpp:158:36:[m[K [01;31m[Kerror: [m[Kâ€˜[01m[KvelM2[m[Kâ€™ was not declared in this scope
  158 |         roboclaw_.SpeedM1M2(velM1, [01;31m[KvelM2[m[K);
      |                                    [01;31m[K^~~~~[m[K
[01m[K/root/working/ros2_ws/src/joy_controller/src/my_joy.cpp:[m[K In function â€˜[01m[Kint main(int, char**)[m[Kâ€™:
[01m[K/root/working/ros2_ws/src/joy_controller/src/my_joy.cpp:167:47:[m[K [01;31m[Kerror: [m[Kexpected â€˜[01m[K;[m[Kâ€™ before â€˜[01m[Krclcpp[m[Kâ€™
  167 |     rclcpp::spin(std::make_shared<MaxonCtl>())
      |                                               [01;31m[K^[m[K
      |                                               [32m[K;[m[K
  168 |     [32m[Krclcpp[m[K::shutdown();
      |     [32m[K~~~~~~[m[K                                     
gmake[2]: *** [CMakeFiles/sub.dir/build.make:76: CMakeFiles/sub.dir/src/my_joy.cpp.o] Error 1
gmake[1]: *** [CMakeFiles/Makefile2:182: CMakeFiles/sub.dir/all] Error 2
gmake: *** [Makefile:146: all] Error 2
