[0.053s] Invoking command in '/home/tatsv/working/test_ws/yano_ws/build/usb_camera': CMAKE_PREFIX_PATH=${CMAKE_PREFIX_PATH}:/opt/ros/humble /usr/bin/cmake /home/tatsv/working/test_ws/yano_ws/src/usb_camera -DCMAKE_INSTALL_PREFIX=/home/tatsv/working/test_ws/yano_ws/install/usb_camera
[0.273s] -- The C compiler identification is GNU 11.4.0
[0.887s] -- The CXX compiler identification is GNU 11.4.0
[1.250s] -- Detecting C compiler ABI info
[1.452s] -- Detecting C compiler ABI info - done
[1.468s] -- Check for working C compiler: /usr/bin/cc - skipped
[1.469s] -- Detecting C compile features
[1.469s] -- Detecting C compile features - done
[1.477s] -- Detecting CXX compiler ABI info
[1.738s] -- Detecting CXX compiler ABI info - done
[1.757s] -- Check for working CXX compiler: /usr/bin/c++ - skipped
[1.758s] -- Detecting CXX compile features
[1.759s] -- Detecting CXX compile features - done
[1.764s] -- Found ament_cmake: 1.3.11 (/opt/ros/humble/share/ament_cmake/cmake)
[2.031s] -- Found Python3: /usr/bin/python3 (found version "3.10.12") found components: Interpreter 
[2.199s] -- Found rclcpp: 16.0.11 (/opt/ros/humble/share/rclcpp/cmake)
[2.462s] -- Found rosidl_generator_c: 3.1.6 (/opt/ros/humble/share/rosidl_generator_c/cmake)
[2.470s] -- Found rosidl_adapter: 3.1.6 (/opt/ros/humble/share/rosidl_adapter/cmake)
[2.480s] -- Found rosidl_generator_cpp: 3.1.6 (/opt/ros/humble/share/rosidl_generator_cpp/cmake)
[2.497s] -- Using all available rosidl_typesupport_c: rosidl_typesupport_fastrtps_c;rosidl_typesupport_introspection_c
[2.525s] -- Using all available rosidl_typesupport_cpp: rosidl_typesupport_fastrtps_cpp;rosidl_typesupport_introspection_cpp
[2.601s] -- Found rmw_implementation_cmake: 6.1.2 (/opt/ros/humble/share/rmw_implementation_cmake/cmake)
[2.605s] -- Found rmw_fastrtps_cpp: 6.2.7 (/opt/ros/humble/share/rmw_fastrtps_cpp/cmake)
[3.776s] -- Found OpenSSL: /usr/lib/x86_64-linux-gnu/libcrypto.so (found version "3.0.2")  
[4.654s] -- Found FastRTPS: /opt/ros/humble/include  
[6.368s] -- Using RMW implementation 'rmw_fastrtps_cpp' as default
[6.387s] -- Looking for pthread.h
[6.612s] -- Looking for pthread.h - found
[6.612s] -- Performing Test CMAKE_HAVE_LIBC_PTHREAD
[6.910s] -- Performing Test CMAKE_HAVE_LIBC_PTHREAD - Success
[6.910s] -- Found Threads: TRUE  
[7.078s] -- Found sensor_msgs: 4.2.4 (/opt/ros/humble/share/sensor_msgs/cmake)
[7.419s] -- Found cv_bridge: 3.2.1 (/opt/ros/humble/share/cv_bridge/cmake)
[7.476s] -- Found OpenCV: /usr (found version "4.5.4") 
[7.483s] -- Found ament_lint_auto: 0.12.11 (/opt/ros/humble/share/ament_lint_auto/cmake)
[7.708s] -- Added test 'cppcheck' to perform static code analysis on C / C++ code
[7.709s] -- Configured cppcheck include dirs: 
[7.710s] -- Configured cppcheck exclude dirs and/or files: 
[7.713s] -- Added test 'lint_cmake' to check CMake code style
[7.718s] -- Added test 'uncrustify' to check C / C++ code style
[7.718s] -- Configured uncrustify additional arguments: 
[7.720s] -- Added test 'xmllint' to check XML markup files
[7.723s] -- Configuring done
[7.767s] -- Generating done
[7.781s] -- Build files have been written to: /home/tatsv/working/test_ws/yano_ws/build/usb_camera
[7.825s] Invoked command in '/home/tatsv/working/test_ws/yano_ws/build/usb_camera' returned '0': CMAKE_PREFIX_PATH=${CMAKE_PREFIX_PATH}:/opt/ros/humble /usr/bin/cmake /home/tatsv/working/test_ws/yano_ws/src/usb_camera -DCMAKE_INSTALL_PREFIX=/home/tatsv/working/test_ws/yano_ws/install/usb_camera
[7.835s] Invoking command in '/home/tatsv/working/test_ws/yano_ws/build/usb_camera': CMAKE_PREFIX_PATH=${CMAKE_PREFIX_PATH}:/opt/ros/humble /usr/bin/cmake --build /home/tatsv/working/test_ws/yano_ws/build/usb_camera -- -j12 -l12
[7.952s] [ 50%] [32mBuilding CXX object CMakeFiles/usb_camera.dir/src/usb_camera.cpp.o[0m
[8.322s] [01m[K/home/tatsv/working/test_ws/yano_ws/src/usb_camera/src/usb_camera.cpp:3:10:[m[K [01;31m[Kfatal error: [m[Kcv_bridge/cv_bridge.hpp: No such file or directory
[8.323s]     3 | #include [01;31m[K<cv_bridge/cv_bridge.hpp>[m[K
[8.323s]       |          [01;31m[K^~~~~~~~~~~~~~~~~~~~~~~~~[m[K
[8.323s] compilation terminated.
[8.390s] gmake[2]: *** [CMakeFiles/usb_camera.dir/build.make:76: CMakeFiles/usb_camera.dir/src/usb_camera.cpp.o] Error 1
[8.390s] gmake[1]: *** [CMakeFiles/Makefile2:137: CMakeFiles/usb_camera.dir/all] Error 2
[8.390s] gmake: *** [Makefile:146: all] Error 2
[8.396s] Invoked command in '/home/tatsv/working/test_ws/yano_ws/build/usb_camera' returned '2': CMAKE_PREFIX_PATH=${CMAKE_PREFIX_PATH}:/opt/ros/humble /usr/bin/cmake --build /home/tatsv/working/test_ws/yano_ws/build/usb_camera -- -j12 -l12
